slurmstepd-aquamarin: error: Unable to create TMPDIR [/tmp/user/31423]: Permission denied
slurmstepd-aquamarin: error: Setting TMPDIR to /tmp

CommandNotFoundError: Your shell has not been properly configured to use 'conda activate'.
To initialize your shell, run

    $ conda init <SHELL_NAME>

Currently supported shells are:
  - bash
  - fish
  - tcsh
  - xonsh
  - zsh
  - powershell

See 'conda init --help' for more information and options.

IMPORTANT: You may need to close and restart your shell after running 'conda init'.


2022-09-08 19:18:39,467 - INFO - main - Successfully read the given configuration file, created experiment directory and set up logger.
2022-09-08 19:18:39,468 - INFO - main - Starting experiment in mode train using configuration ./experiments/config/ohlc_time_reddit/dqn/ex1.yaml
2022-09-08 19:18:39,468 - INFO - experiment - Initializing training experiment...
2022-09-08 19:18:39,468 - INFO - experiment - Using the following features as learnable parameters: ['time', 'open', 'high', 'low', 'close', 'tick_volume', 'spread', 'real_volume', 'reddit_mention_count', 'reddit_mention_mean', 'reddit_mention_std', 'reddit_mention_min', 'reddit_mention_25%', 'reddit_mention_50%', 'reddit_mention_75%', 'reddit_mention_max', 'reddit_postitive_score_count', 'reddit_postitive_score_mean', 'reddit_postitive_score_std', 'reddit_postitive_score_min', 'reddit_postitive_score_25%', 'reddit_postitive_score_50%', 'reddit_postitive_score_75%', 'reddit_postitive_score_max', 'reddit_negative_score_count', 'reddit_negative_score_mean', 'reddit_negative_score_std', 'reddit_negative_score_min', 'reddit_negative_score_25%', 'reddit_negative_score_50%', 'reddit_negative_score_75%', 'reddit_negative_score_max', 'reddit_positive_mention_count', 'reddit_positive_mention_mean', 'reddit_positive_mention_std', 'reddit_positive_mention_min', 'reddit_positive_mention_25%', 'reddit_positive_mention_50%', 'reddit_positive_mention_75%', 'reddit_positive_mention_max', 'reddit_negative_mention_count', 'reddit_negative_mention_mean', 'reddit_negative_mention_std', 'reddit_negative_mention_min', 'reddit_negative_mention_25%', 'reddit_negative_mention_50%', 'reddit_negative_mention_75%', 'reddit_negative_mention_max', 'reddit_score_count', 'reddit_score_mean', 'reddit_score_std', 'reddit_score_min', 'reddit_score_25%', 'reddit_score_50%', 'reddit_score_75%', 'reddit_score_max']
2022-09-08 19:18:39,468 - INFO - experiment - Using time as learnable parameter: True
2022-09-08 19:18:44,367 - INFO - experiment - Using training data located in ./experiments/data/minmax/train.csv with length=77990 and shape=(77990, 56), and using testing data located in ./experiments/data/minmax/test.csv with length=19497 and shape=(19497, 56)
2022-09-08 19:18:44,368 - INFO - environment - Using action space: Discrete(2)
2022-09-08 19:18:44,368 - INFO - environment - Using observation space of shape: (30, 57)
2022-09-08 19:18:44,369 - INFO - environment - Using action space: Discrete(2)
2022-09-08 19:18:44,369 - INFO - environment - Using observation space of shape: (30, 57)
2022-09-08 19:18:44,371 - INFO - experiment - Using gym environment with window_size=30, scale_reward=1 and enable_render=False
2022-09-08 19:18:44,371 - INFO - agent - Initializing agent...
2022-09-08 19:18:44,414 - INFO - agent - Using device cuda
2022-09-08 19:18:44,414 - INFO - agent - Using policy MlpPolicy
2022-09-08 19:18:48,513 - INFO - agent - Using model DQN
2022-09-08 19:18:48,514 - INFO - agent - Successfully initialized agent
2022-09-08 19:18:48,514 - INFO - experiment - Successfully initialized training experiment
2022-09-08 19:18:48,514 - INFO - experiment - Starting training experiment...
2022-09-08 19:18:48,514 - INFO - experiment - Learning the agent...
/home/b/blenninger/arl22-rl-stock-trading/rltrading/gym/environment.py:106: RuntimeWarning: overflow encountered in double_scalars
  self._total_profit = quantity / curr_close
2022-09-09 00:34:19,880 - INFO - agent - Saved the model at ./experiments/results/ohlc_time_reddit/dqn/train/ex1/2022-09-08-19-18-39/model/episode-100
2022-09-09 00:34:19,880 - INFO - experiment - Finished learning the agent
2022-09-09 00:34:19,880 - INFO - experiment - Testing learned policy on test data...
2022-09-09 00:35:26,445 - INFO - agent - Saved the results at ./experiments/results/ohlc_time_reddit/dqn/train/ex1/2022-09-08-19-18-39/stats
2022-09-09 00:35:26,824 - INFO - experiment - Finished testing the learned policy on test data
2022-09-09 00:35:32,465 - INFO - main - Successfully read the given configuration file, created experiment directory and set up logger.
2022-09-09 00:35:32,465 - INFO - main - Starting experiment in mode train using configuration ./experiments/config/ohlc_time_reddit/dqn/ex2.yaml
2022-09-09 00:35:32,465 - INFO - experiment - Initializing training experiment...
2022-09-09 00:35:32,465 - INFO - experiment - Using the following features as learnable parameters: ['time', 'open', 'high', 'low', 'close', 'tick_volume', 'spread', 'real_volume', 'reddit_mention_count', 'reddit_mention_mean', 'reddit_mention_std', 'reddit_mention_min', 'reddit_mention_25%', 'reddit_mention_50%', 'reddit_mention_75%', 'reddit_mention_max', 'reddit_postitive_score_count', 'reddit_postitive_score_mean', 'reddit_postitive_score_std', 'reddit_postitive_score_min', 'reddit_postitive_score_25%', 'reddit_postitive_score_50%', 'reddit_postitive_score_75%', 'reddit_postitive_score_max', 'reddit_negative_score_count', 'reddit_negative_score_mean', 'reddit_negative_score_std', 'reddit_negative_score_min', 'reddit_negative_score_25%', 'reddit_negative_score_50%', 'reddit_negative_score_75%', 'reddit_negative_score_max', 'reddit_positive_mention_count', 'reddit_positive_mention_mean', 'reddit_positive_mention_std', 'reddit_positive_mention_min', 'reddit_positive_mention_25%', 'reddit_positive_mention_50%', 'reddit_positive_mention_75%', 'reddit_positive_mention_max', 'reddit_negative_mention_count', 'reddit_negative_mention_mean', 'reddit_negative_mention_std', 'reddit_negative_mention_min', 'reddit_negative_mention_25%', 'reddit_negative_mention_50%', 'reddit_negative_mention_75%', 'reddit_negative_mention_max', 'reddit_score_count', 'reddit_score_mean', 'reddit_score_std', 'reddit_score_min', 'reddit_score_25%', 'reddit_score_50%', 'reddit_score_75%', 'reddit_score_max']
2022-09-09 00:35:32,465 - INFO - experiment - Using time as learnable parameter: True
2022-09-09 00:35:34,850 - INFO - experiment - Using training data located in ./experiments/data/minmax/train.csv with length=77990 and shape=(77990, 56), and using testing data located in ./experiments/data/minmax/test.csv with length=19497 and shape=(19497, 56)
2022-09-09 00:35:34,850 - INFO - environment - Using action space: Discrete(2)
2022-09-09 00:35:34,850 - INFO - environment - Using observation space of shape: (30, 57)
2022-09-09 00:35:34,852 - INFO - environment - Using action space: Discrete(2)
2022-09-09 00:35:34,852 - INFO - environment - Using observation space of shape: (30, 57)
2022-09-09 00:35:34,854 - INFO - experiment - Using gym environment with window_size=30, scale_reward=1 and enable_render=False
2022-09-09 00:35:34,854 - INFO - agent - Initializing agent...
2022-09-09 00:35:34,898 - INFO - agent - Using device cuda
2022-09-09 00:35:34,898 - INFO - agent - Using policy MlpPolicy
2022-09-09 00:35:36,193 - INFO - agent - Using model DQN
2022-09-09 00:35:36,193 - INFO - agent - Successfully initialized agent
2022-09-09 00:35:36,193 - INFO - experiment - Successfully initialized training experiment
2022-09-09 00:35:36,193 - INFO - experiment - Starting training experiment...
2022-09-09 00:35:36,193 - INFO - experiment - Learning the agent...
/home/b/blenninger/arl22-rl-stock-trading/rltrading/gym/environment.py:106: RuntimeWarning: overflow encountered in double_scalars
  self._total_profit = quantity / curr_close
2022-09-09 05:48:24,146 - INFO - agent - Saved the model at ./experiments/results/ohlc_time_reddit/dqn/train/ex2/2022-09-09-00-35-32/model/episode-100
2022-09-09 05:48:24,147 - INFO - experiment - Finished learning the agent
2022-09-09 05:48:24,147 - INFO - experiment - Testing learned policy on test data...
2022-09-09 05:49:32,134 - INFO - agent - Saved the results at ./experiments/results/ohlc_time_reddit/dqn/train/ex2/2022-09-09-00-35-32/stats
2022-09-09 05:49:32,504 - INFO - experiment - Finished testing the learned policy on test data
2022-09-09 05:49:38,238 - INFO - main - Successfully read the given configuration file, created experiment directory and set up logger.
2022-09-09 05:49:38,238 - INFO - main - Starting experiment in mode train using configuration ./experiments/config/ohlc_time_reddit/dqn/ex3.yaml
2022-09-09 05:49:38,238 - INFO - experiment - Initializing training experiment...
2022-09-09 05:49:38,239 - INFO - experiment - Using the following features as learnable parameters: ['time', 'open', 'high', 'low', 'close', 'tick_volume', 'spread', 'real_volume', 'reddit_mention_count', 'reddit_mention_mean', 'reddit_mention_std', 'reddit_mention_min', 'reddit_mention_25%', 'reddit_mention_50%', 'reddit_mention_75%', 'reddit_mention_max', 'reddit_postitive_score_count', 'reddit_postitive_score_mean', 'reddit_postitive_score_std', 'reddit_postitive_score_min', 'reddit_postitive_score_25%', 'reddit_postitive_score_50%', 'reddit_postitive_score_75%', 'reddit_postitive_score_max', 'reddit_negative_score_count', 'reddit_negative_score_mean', 'reddit_negative_score_std', 'reddit_negative_score_min', 'reddit_negative_score_25%', 'reddit_negative_score_50%', 'reddit_negative_score_75%', 'reddit_negative_score_max', 'reddit_positive_mention_count', 'reddit_positive_mention_mean', 'reddit_positive_mention_std', 'reddit_positive_mention_min', 'reddit_positive_mention_25%', 'reddit_positive_mention_50%', 'reddit_positive_mention_75%', 'reddit_positive_mention_max', 'reddit_negative_mention_count', 'reddit_negative_mention_mean', 'reddit_negative_mention_std', 'reddit_negative_mention_min', 'reddit_negative_mention_25%', 'reddit_negative_mention_50%', 'reddit_negative_mention_75%', 'reddit_negative_mention_max', 'reddit_score_count', 'reddit_score_mean', 'reddit_score_std', 'reddit_score_min', 'reddit_score_25%', 'reddit_score_50%', 'reddit_score_75%', 'reddit_score_max']
2022-09-09 05:49:38,239 - INFO - experiment - Using time as learnable parameter: True
2022-09-09 05:49:40,644 - INFO - experiment - Using training data located in ./experiments/data/minmax/train.csv with length=77990 and shape=(77990, 56), and using testing data located in ./experiments/data/minmax/test.csv with length=19497 and shape=(19497, 56)
2022-09-09 05:49:40,644 - INFO - environment - Using action space: Discrete(2)
2022-09-09 05:49:40,644 - INFO - environment - Using observation space of shape: (30, 57)
2022-09-09 05:49:40,646 - INFO - environment - Using action space: Discrete(2)
2022-09-09 05:49:40,646 - INFO - environment - Using observation space of shape: (30, 57)
2022-09-09 05:49:40,648 - INFO - experiment - Using gym environment with window_size=30, scale_reward=1 and enable_render=False
2022-09-09 05:49:40,648 - INFO - agent - Initializing agent...
2022-09-09 05:49:40,692 - INFO - agent - Using device cuda
2022-09-09 05:49:40,692 - INFO - agent - Using policy MlpPolicy
2022-09-09 05:49:41,998 - INFO - agent - Using model DQN
2022-09-09 05:49:41,998 - INFO - agent - Successfully initialized agent
2022-09-09 05:49:41,998 - INFO - experiment - Successfully initialized training experiment
2022-09-09 05:49:41,998 - INFO - experiment - Starting training experiment...
2022-09-09 05:49:41,998 - INFO - experiment - Learning the agent...
/home/b/blenninger/arl22-rl-stock-trading/rltrading/gym/environment.py:106: RuntimeWarning: overflow encountered in double_scalars
  self._total_profit = quantity / curr_close
2022-09-09 11:02:04,578 - INFO - agent - Saved the model at ./experiments/results/ohlc_time_reddit/dqn/train/ex3/2022-09-09-05-49-37/model/episode-100
2022-09-09 11:02:04,579 - INFO - experiment - Finished learning the agent
2022-09-09 11:02:04,579 - INFO - experiment - Testing learned policy on test data...
2022-09-09 11:03:08,909 - INFO - agent - Saved the results at ./experiments/results/ohlc_time_reddit/dqn/train/ex3/2022-09-09-05-49-37/stats
2022-09-09 11:03:09,291 - INFO - experiment - Finished testing the learned policy on test data
