Starting multi-experiment...
Starting run 1...
Created directory ./experiments/results/ohlc_time_tick_reddit/dqn/train/ex1/2022-09-08-19-20-17/stats
Created directory ./experiments/results/ohlc_time_tick_reddit/dqn/train/ex1/2022-09-08-19-20-17/model
Copied config file ./experiments/config/ohlc_time_tick_reddit/dqn/ex1.yaml to ./experiments/results/ohlc_time_tick_reddit/dqn/train/ex1/2022-09-08-19-20-17
Logging to ./experiments/results/ohlc_time_tick_reddit/dqn/train/ex1/2022-09-08-19-20-17/stats
----------------------------------
| rollout/            |          |
|    ep_len_mean      | 7.8e+04  |
|    ep_rew_mean      | -0.956   |
|    exploration_rate | 0.525    |
| time/               |          |
|    episodes         | 5        |
|    fps              | 349      |
|    time_elapsed     | 1115     |
|    total_timesteps  | 389795   |
| train/              |          |
|    learning_rate    | 0.0001   |
|    loss             | 8.46e-07 |
|    n_updates        | 84948    |
----------------------------------
----------------------------------
| rollout/            |          |
|    ep_len_mean      | 7.8e+04  |
|    ep_rew_mean      | -0.306   |
|    exploration_rate | 0.0504   |
| time/               |          |
|    episodes         | 10       |
|    fps              | 332      |
|    time_elapsed     | 2341     |
|    total_timesteps  | 779590   |
| train/              |          |
|    learning_rate    | 0.0001   |
|    loss             | 5.99e-07 |
|    n_updates        | 182397   |
----------------------------------
----------------------------------
| rollout/            |          |
|    ep_len_mean      | 7.8e+04  |
|    ep_rew_mean      | -0.452   |
|    exploration_rate | 0.05     |
| time/               |          |
|    episodes         | 15       |
|    fps              | 324      |
|    time_elapsed     | 3598     |
|    total_timesteps  | 1169385  |
| train/              |          |
|    learning_rate    | 0.0001   |
|    loss             | 1.57e-05 |
|    n_updates        | 279846   |
----------------------------------
----------------------------------
| rollout/            |          |
|    ep_len_mean      | 7.8e+04  |
|    ep_rew_mean      | -0.418   |
|    exploration_rate | 0.05     |
| time/               |          |
|    episodes         | 20       |
|    fps              | 320      |
|    time_elapsed     | 4858     |
|    total_timesteps  | 1559180  |
| train/              |          |
|    learning_rate    | 0.0001   |
|    loss             | 4.17e-08 |
|    n_updates        | 377294   |
----------------------------------
----------------------------------
| rollout/            |          |
|    ep_len_mean      | 7.8e+04  |
|    ep_rew_mean      | -0.45    |
|    exploration_rate | 0.05     |
| time/               |          |
|    episodes         | 25       |
|    fps              | 318      |
|    time_elapsed     | 6116     |
|    total_timesteps  | 1948975  |
| train/              |          |
|    learning_rate    | 0.0001   |
|    loss             | 8.08e-08 |
|    n_updates        | 474743   |
----------------------------------
----------------------------------
| rollout/            |          |
|    ep_len_mean      | 7.8e+04  |
|    ep_rew_mean      | -0.271   |
|    exploration_rate | 0.05     |
| time/               |          |
|    episodes         | 30       |
|    fps              | 317      |
|    time_elapsed     | 7374     |
|    total_timesteps  | 2338770  |
| train/              |          |
|    learning_rate    | 0.0001   |
|    loss             | 6.56e-07 |
|    n_updates        | 572192   |
----------------------------------
----------------------------------
| rollout/            |          |
|    ep_len_mean      | 7.8e+04  |
|    ep_rew_mean      | -0.235   |
|    exploration_rate | 0.05     |
| time/               |          |
|    episodes         | 35       |
|    fps              | 316      |
|    time_elapsed     | 8633     |
|    total_timesteps  | 2728565  |
| train/              |          |
|    learning_rate    | 0.0001   |
|    loss             | 1.66e-06 |
|    n_updates        | 669641   |
----------------------------------
----------------------------------
| rollout/            |          |
|    ep_len_mean      | 7.8e+04  |
|    ep_rew_mean      | -0.213   |
|    exploration_rate | 0.05     |
| time/               |          |
|    episodes         | 40       |
|    fps              | 315      |
|    time_elapsed     | 9890     |
|    total_timesteps  | 3118360  |
| train/              |          |
|    learning_rate    | 0.0001   |
|    loss             | 9.88e-07 |
|    n_updates        | 767089   |
----------------------------------
----------------------------------
| rollout/            |          |
|    ep_len_mean      | 7.8e+04  |
|    ep_rew_mean      | -0.225   |
|    exploration_rate | 0.05     |
| time/               |          |
|    episodes         | 45       |
|    fps              | 314      |
|    time_elapsed     | 11148    |
|    total_timesteps  | 3508155  |
| train/              |          |
|    learning_rate    | 0.0001   |
|    loss             | 8.48e-08 |
|    n_updates        | 864538   |
----------------------------------
----------------------------------
| rollout/            |          |
|    ep_len_mean      | 7.8e+04  |
|    ep_rew_mean      | -0.199   |
|    exploration_rate | 0.05     |
| time/               |          |
|    episodes         | 50       |
|    fps              | 314      |
|    time_elapsed     | 12411    |
|    total_timesteps  | 3897950  |
| train/              |          |
|    learning_rate    | 0.0001   |
|    loss             | 2.42e-07 |
|    n_updates        | 961987   |
----------------------------------
----------------------------------
| rollout/            |          |
|    ep_len_mean      | 7.8e+04  |
|    ep_rew_mean      | -0.175   |
|    exploration_rate | 0.05     |
| time/               |          |
|    episodes         | 55       |
|    fps              | 313      |
|    time_elapsed     | 13669    |
|    total_timesteps  | 4287745  |
| train/              |          |
|    learning_rate    | 0.0001   |
|    loss             | 1.27e-08 |
|    n_updates        | 1059436  |
----------------------------------
----------------------------------
| rollout/            |          |
|    ep_len_mean      | 7.8e+04  |
|    ep_rew_mean      | -0.138   |
|    exploration_rate | 0.05     |
| time/               |          |
|    episodes         | 60       |
|    fps              | 313      |
|    time_elapsed     | 14930    |
|    total_timesteps  | 4677540  |
| train/              |          |
|    learning_rate    | 0.0001   |
|    loss             | 4.81e-08 |
|    n_updates        | 1156884  |
----------------------------------
----------------------------------
| rollout/            |          |
|    ep_len_mean      | 7.8e+04  |
|    ep_rew_mean      | -0.149   |
|    exploration_rate | 0.05     |
| time/               |          |
|    episodes         | 65       |
|    fps              | 312      |
|    time_elapsed     | 16191    |
|    total_timesteps  | 5067335  |
| train/              |          |
|    learning_rate    | 0.0001   |
|    loss             | 8.79e-09 |
|    n_updates        | 1254333  |
----------------------------------
----------------------------------
| rollout/            |          |
|    ep_len_mean      | 7.8e+04  |
|    ep_rew_mean      | -0.188   |
|    exploration_rate | 0.05     |
| time/               |          |
|    episodes         | 70       |
|    fps              | 312      |
|    time_elapsed     | 17454    |
|    total_timesteps  | 5457130  |
| train/              |          |
|    learning_rate    | 0.0001   |
|    loss             | 2.02e-09 |
|    n_updates        | 1351782  |
----------------------------------
----------------------------------
| rollout/            |          |
|    ep_len_mean      | 7.8e+04  |
|    ep_rew_mean      | -0.151   |
|    exploration_rate | 0.05     |
| time/               |          |
|    episodes         | 75       |
|    fps              | 312      |
|    time_elapsed     | 18713    |
|    total_timesteps  | 5846925  |
| train/              |          |
|    learning_rate    | 0.0001   |
|    loss             | 1.31e-07 |
|    n_updates        | 1449231  |
----------------------------------
----------------------------------
| rollout/            |          |
|    ep_len_mean      | 7.8e+04  |
|    ep_rew_mean      | -0.177   |
|    exploration_rate | 0.05     |
| time/               |          |
|    episodes         | 80       |
|    fps              | 312      |
|    time_elapsed     | 19973    |
|    total_timesteps  | 6236720  |
| train/              |          |
|    learning_rate    | 0.0001   |
|    loss             | 1.82e-07 |
|    n_updates        | 1546679  |
----------------------------------
----------------------------------
| rollout/            |          |
|    ep_len_mean      | 7.8e+04  |
|    ep_rew_mean      | -0.141   |
|    exploration_rate | 0.05     |
| time/               |          |
|    episodes         | 85       |
|    fps              | 312      |
|    time_elapsed     | 21233    |
|    total_timesteps  | 6626515  |
| train/              |          |
|    learning_rate    | 0.0001   |
|    loss             | 3.29e-07 |
|    n_updates        | 1644128  |
----------------------------------
----------------------------------
| rollout/            |          |
|    ep_len_mean      | 7.8e+04  |
|    ep_rew_mean      | -0.193   |
|    exploration_rate | 0.05     |
| time/               |          |
|    episodes         | 90       |
|    fps              | 311      |
|    time_elapsed     | 22494    |
|    total_timesteps  | 7016310  |
| train/              |          |
|    learning_rate    | 0.0001   |
|    loss             | 6.37e-07 |
|    n_updates        | 1741577  |
----------------------------------
----------------------------------
| rollout/            |          |
|    ep_len_mean      | 7.8e+04  |
|    ep_rew_mean      | -0.161   |
|    exploration_rate | 0.05     |
| time/               |          |
|    episodes         | 95       |
|    fps              | 311      |
|    time_elapsed     | 23753    |
|    total_timesteps  | 7406105  |
| train/              |          |
|    learning_rate    | 0.0001   |
|    loss             | 4.5e-08  |
|    n_updates        | 1839026  |
----------------------------------
----------------------------------
| rollout/            |          |
|    ep_len_mean      | 7.8e+04  |
|    ep_rew_mean      | -0.162   |
|    exploration_rate | 0.05     |
| time/               |          |
|    episodes         | 100      |
|    fps              | 311      |
|    time_elapsed     | 25013    |
|    total_timesteps  | 7795900  |
| train/              |          |
|    learning_rate    | 0.0001   |
|    loss             | 4.46e-08 |
|    n_updates        | 1936474  |
----------------------------------
action 0:  19454  actions 1:  12
Starting run 2...
Created directory ./experiments/results/ohlc_time_tick_reddit/dqn/train/ex2/2022-09-09-02-19-24/stats
Created directory ./experiments/results/ohlc_time_tick_reddit/dqn/train/ex2/2022-09-09-02-19-24/model
Copied config file ./experiments/config/ohlc_time_tick_reddit/dqn/ex2.yaml to ./experiments/results/ohlc_time_tick_reddit/dqn/train/ex2/2022-09-09-02-19-24
Logging to ./experiments/results/ohlc_time_tick_reddit/dqn/train/ex2/2022-09-09-02-19-24/stats
----------------------------------
| rollout/            |          |
|    ep_len_mean      | 7.8e+04  |
|    ep_rew_mean      | 0.56     |
|    exploration_rate | 0.525    |
| time/               |          |
|    episodes         | 5        |
|    fps              | 350      |
|    time_elapsed     | 1113     |
|    total_timesteps  | 389795   |
| train/              |          |
|    learning_rate    | 0.0001   |
|    loss             | 3.06e-06 |
|    n_updates        | 84948    |
----------------------------------
----------------------------------
| rollout/            |          |
|    ep_len_mean      | 7.8e+04  |
|    ep_rew_mean      | 0.155    |
|    exploration_rate | 0.0504   |
| time/               |          |
|    episodes         | 10       |
|    fps              | 334      |
|    time_elapsed     | 2331     |
|    total_timesteps  | 779590   |
| train/              |          |
|    learning_rate    | 0.0001   |
|    loss             | 1.53e-06 |
|    n_updates        | 182397   |
----------------------------------
----------------------------------
| rollout/            |          |
|    ep_len_mean      | 7.8e+04  |
|    ep_rew_mean      | 0.0312   |
|    exploration_rate | 0.05     |
| time/               |          |
|    episodes         | 15       |
|    fps              | 325      |
|    time_elapsed     | 3592     |
|    total_timesteps  | 1169385  |
| train/              |          |
|    learning_rate    | 0.0001   |
|    loss             | 9.17e-07 |
|    n_updates        | 279846   |
----------------------------------
----------------------------------
| rollout/            |          |
|    ep_len_mean      | 7.8e+04  |
|    ep_rew_mean      | -0.0484  |
|    exploration_rate | 0.05     |
| time/               |          |
|    episodes         | 20       |
|    fps              | 321      |
|    time_elapsed     | 4856     |
|    total_timesteps  | 1559180  |
| train/              |          |
|    learning_rate    | 0.0001   |
|    loss             | 2.08e-07 |
|    n_updates        | 377294   |
----------------------------------
----------------------------------
| rollout/            |          |
|    ep_len_mean      | 7.8e+04  |
|    ep_rew_mean      | -0.0896  |
|    exploration_rate | 0.05     |
| time/               |          |
|    episodes         | 25       |
|    fps              | 318      |
|    time_elapsed     | 6116     |
|    total_timesteps  | 1948975  |
| train/              |          |
|    learning_rate    | 0.0001   |
|    loss             | 2.34e-06 |
|    n_updates        | 474743   |
----------------------------------
----------------------------------
| rollout/            |          |
|    ep_len_mean      | 7.8e+04  |
|    ep_rew_mean      | -0.105   |
|    exploration_rate | 0.05     |
| time/               |          |
|    episodes         | 30       |
|    fps              | 317      |
|    time_elapsed     | 7376     |
|    total_timesteps  | 2338770  |
| train/              |          |
|    learning_rate    | 0.0001   |
|    loss             | 3.98e-08 |
|    n_updates        | 572192   |
----------------------------------
----------------------------------
| rollout/            |          |
|    ep_len_mean      | 7.8e+04  |
|    ep_rew_mean      | -0.1     |
|    exploration_rate | 0.05     |
| time/               |          |
|    episodes         | 35       |
|    fps              | 315      |
|    time_elapsed     | 8639     |
|    total_timesteps  | 2728565  |
| train/              |          |
|    learning_rate    | 0.0001   |
|    loss             | 6.18e-07 |
|    n_updates        | 669641   |
----------------------------------
----------------------------------
| rollout/            |          |
|    ep_len_mean      | 7.8e+04  |
|    ep_rew_mean      | -0.0789  |
|    exploration_rate | 0.05     |
| time/               |          |
|    episodes         | 40       |
|    fps              | 314      |
|    time_elapsed     | 9903     |
|    total_timesteps  | 3118360  |
| train/              |          |
|    learning_rate    | 0.0001   |
|    loss             | 1.4e-06  |
|    n_updates        | 767089   |
----------------------------------
----------------------------------
| rollout/            |          |
|    ep_len_mean      | 7.8e+04  |
|    ep_rew_mean      | -0.0541  |
|    exploration_rate | 0.05     |
| time/               |          |
|    episodes         | 45       |
|    fps              | 314      |
|    time_elapsed     | 11164    |
|    total_timesteps  | 3508155  |
| train/              |          |
|    learning_rate    | 0.0001   |
|    loss             | 5.59e-07 |
|    n_updates        | 864538   |
----------------------------------
----------------------------------
| rollout/            |          |
|    ep_len_mean      | 7.8e+04  |
|    ep_rew_mean      | -0.0677  |
|    exploration_rate | 0.05     |
| time/               |          |
|    episodes         | 50       |
|    fps              | 313      |
|    time_elapsed     | 12428    |
|    total_timesteps  | 3897950  |
| train/              |          |
|    learning_rate    | 0.0001   |
|    loss             | 4.34e-08 |
|    n_updates        | 961987   |
----------------------------------
----------------------------------
| rollout/            |          |
|    ep_len_mean      | 7.8e+04  |
|    ep_rew_mean      | -0.118   |
|    exploration_rate | 0.05     |
| time/               |          |
|    episodes         | 55       |
|    fps              | 313      |
|    time_elapsed     | 13694    |
|    total_timesteps  | 4287745  |
| train/              |          |
|    learning_rate    | 0.0001   |
|    loss             | 2.4e-08  |
|    n_updates        | 1059436  |
----------------------------------
----------------------------------
| rollout/            |          |
|    ep_len_mean      | 7.8e+04  |
|    ep_rew_mean      | -0.0816  |
|    exploration_rate | 0.05     |
| time/               |          |
|    episodes         | 60       |
|    fps              | 312      |
|    time_elapsed     | 14958    |
|    total_timesteps  | 4677540  |
| train/              |          |
|    learning_rate    | 0.0001   |
|    loss             | 3.32e-06 |
|    n_updates        | 1156884  |
----------------------------------
----------------------------------
| rollout/            |          |
|    ep_len_mean      | 7.8e+04  |
|    ep_rew_mean      | -0.0969  |
|    exploration_rate | 0.05     |
| time/               |          |
|    episodes         | 65       |
|    fps              | 312      |
|    time_elapsed     | 16223    |
|    total_timesteps  | 5067335  |
| train/              |          |
|    learning_rate    | 0.0001   |
|    loss             | 2.12e-05 |
|    n_updates        | 1254333  |
----------------------------------
----------------------------------
| rollout/            |          |
|    ep_len_mean      | 7.8e+04  |
|    ep_rew_mean      | -0.104   |
|    exploration_rate | 0.05     |
| time/               |          |
|    episodes         | 70       |
|    fps              | 312      |
|    time_elapsed     | 17487    |
|    total_timesteps  | 5457130  |
| train/              |          |
|    learning_rate    | 0.0001   |
|    loss             | 2.64e-06 |
|    n_updates        | 1351782  |
----------------------------------
----------------------------------
| rollout/            |          |
|    ep_len_mean      | 7.8e+04  |
|    ep_rew_mean      | -0.123   |
|    exploration_rate | 0.05     |
| time/               |          |
|    episodes         | 75       |
|    fps              | 311      |
|    time_elapsed     | 18752    |
|    total_timesteps  | 5846925  |
| train/              |          |
|    learning_rate    | 0.0001   |
|    loss             | 4.29e-06 |
|    n_updates        | 1449231  |
----------------------------------
----------------------------------
| rollout/            |          |
|    ep_len_mean      | 7.8e+04  |
|    ep_rew_mean      | -0.128   |
|    exploration_rate | 0.05     |
| time/               |          |
|    episodes         | 80       |
|    fps              | 311      |
|    time_elapsed     | 20014    |
|    total_timesteps  | 6236720  |
| train/              |          |
|    learning_rate    | 0.0001   |
|    loss             | 2.41e-06 |
|    n_updates        | 1546679  |
----------------------------------
----------------------------------
| rollout/            |          |
|    ep_len_mean      | 7.8e+04  |
|    ep_rew_mean      | -0.138   |
|    exploration_rate | 0.05     |
| time/               |          |
|    episodes         | 85       |
|    fps              | 311      |
|    time_elapsed     | 21273    |
|    total_timesteps  | 6626515  |
| train/              |          |
|    learning_rate    | 0.0001   |
|    loss             | 1.06e-06 |
|    n_updates        | 1644128  |
----------------------------------
----------------------------------
| rollout/            |          |
|    ep_len_mean      | 7.8e+04  |
|    ep_rew_mean      | -0.114   |
|    exploration_rate | 0.05     |
| time/               |          |
|    episodes         | 90       |
|    fps              | 311      |
|    time_elapsed     | 22535    |
|    total_timesteps  | 7016310  |
| train/              |          |
|    learning_rate    | 0.0001   |
|    loss             | 4.45e-07 |
|    n_updates        | 1741577  |
----------------------------------
----------------------------------
| rollout/            |          |
|    ep_len_mean      | 7.8e+04  |
|    ep_rew_mean      | -0.112   |
|    exploration_rate | 0.05     |
| time/               |          |
|    episodes         | 95       |
|    fps              | 311      |
|    time_elapsed     | 23802    |
|    total_timesteps  | 7406105  |
| train/              |          |
|    learning_rate    | 0.0001   |
|    loss             | 1.42e-06 |
|    n_updates        | 1839026  |
----------------------------------
----------------------------------
| rollout/            |          |
|    ep_len_mean      | 7.8e+04  |
|    ep_rew_mean      | -0.114   |
|    exploration_rate | 0.05     |
| time/               |          |
|    episodes         | 100      |
|    fps              | 311      |
|    time_elapsed     | 25065    |
|    total_timesteps  | 7795900  |
| train/              |          |
|    learning_rate    | 0.0001   |
|    loss             | 4.43e-06 |
|    n_updates        | 1936474  |
----------------------------------
action 0:  19447  actions 1:  19
Starting run 3...
Created directory ./experiments/results/ohlc_time_tick_reddit/dqn/train/ex3/2022-09-09-09-19-17/stats
Created directory ./experiments/results/ohlc_time_tick_reddit/dqn/train/ex3/2022-09-09-09-19-17/model
Copied config file ./experiments/config/ohlc_time_tick_reddit/dqn/ex3.yaml to ./experiments/results/ohlc_time_tick_reddit/dqn/train/ex3/2022-09-09-09-19-17
Logging to ./experiments/results/ohlc_time_tick_reddit/dqn/train/ex3/2022-09-09-09-19-17/stats
----------------------------------
| rollout/            |          |
|    ep_len_mean      | 7.8e+04  |
|    ep_rew_mean      | -0.019   |
|    exploration_rate | 0.525    |
| time/               |          |
|    episodes         | 5        |
|    fps              | 350      |
|    time_elapsed     | 1113     |
|    total_timesteps  | 389795   |
| train/              |          |
|    learning_rate    | 0.0001   |
|    loss             | 2.05e-06 |
|    n_updates        | 84948    |
----------------------------------
----------------------------------
| rollout/            |          |
|    ep_len_mean      | 7.8e+04  |
|    ep_rew_mean      | -0.0718  |
|    exploration_rate | 0.0504   |
| time/               |          |
|    episodes         | 10       |
|    fps              | 332      |
|    time_elapsed     | 2343     |
|    total_timesteps  | 779590   |
| train/              |          |
|    learning_rate    | 0.0001   |
|    loss             | 9.95e-07 |
|    n_updates        | 182397   |
----------------------------------
----------------------------------
| rollout/            |          |
|    ep_len_mean      | 7.8e+04  |
|    ep_rew_mean      | -0.22    |
|    exploration_rate | 0.05     |
| time/               |          |
|    episodes         | 15       |
|    fps              | 324      |
|    time_elapsed     | 3603     |
|    total_timesteps  | 1169385  |
| train/              |          |
|    learning_rate    | 0.0001   |
|    loss             | 2.45e-07 |
|    n_updates        | 279846   |
----------------------------------
----------------------------------
| rollout/            |          |
|    ep_len_mean      | 7.8e+04  |
|    ep_rew_mean      | -0.385   |
|    exploration_rate | 0.05     |
| time/               |          |
|    episodes         | 20       |
|    fps              | 320      |
|    time_elapsed     | 4864     |
|    total_timesteps  | 1559180  |
| train/              |          |
|    learning_rate    | 0.0001   |
|    loss             | 1.25e-06 |
|    n_updates        | 377294   |
----------------------------------
----------------------------------
| rollout/            |          |
|    ep_len_mean      | 7.8e+04  |
|    ep_rew_mean      | -0.394   |
|    exploration_rate | 0.05     |
| time/               |          |
|    episodes         | 25       |
|    fps              | 318      |
|    time_elapsed     | 6125     |
|    total_timesteps  | 1948975  |
| train/              |          |
|    learning_rate    | 0.0001   |
|    loss             | 2.21e-07 |
|    n_updates        | 474743   |
----------------------------------
----------------------------------
| rollout/            |          |
|    ep_len_mean      | 7.8e+04  |
|    ep_rew_mean      | -0.405   |
|    exploration_rate | 0.05     |
| time/               |          |
|    episodes         | 30       |
|    fps              | 316      |
|    time_elapsed     | 7386     |
|    total_timesteps  | 2338770  |
| train/              |          |
|    learning_rate    | 0.0001   |
|    loss             | 9.19e-07 |
|    n_updates        | 572192   |
----------------------------------
----------------------------------
| rollout/            |          |
|    ep_len_mean      | 7.8e+04  |
|    ep_rew_mean      | -0.391   |
|    exploration_rate | 0.05     |
| time/               |          |
|    episodes         | 35       |
|    fps              | 315      |
|    time_elapsed     | 8647     |
|    total_timesteps  | 2728565  |
| train/              |          |
|    learning_rate    | 0.0001   |
|    loss             | 7.31e-07 |
|    n_updates        | 669641   |
----------------------------------
----------------------------------
| rollout/            |          |
|    ep_len_mean      | 7.8e+04  |
|    ep_rew_mean      | -0.397   |
|    exploration_rate | 0.05     |
| time/               |          |
|    episodes         | 40       |
|    fps              | 314      |
|    time_elapsed     | 9907     |
|    total_timesteps  | 3118360  |
| train/              |          |
|    learning_rate    | 0.0001   |
|    loss             | 9.32e-06 |
|    n_updates        | 767089   |
----------------------------------
----------------------------------
| rollout/            |          |
|    ep_len_mean      | 7.8e+04  |
|    ep_rew_mean      | -0.374   |
|    exploration_rate | 0.05     |
| time/               |          |
|    episodes         | 45       |
|    fps              | 314      |
|    time_elapsed     | 11168    |
|    total_timesteps  | 3508155  |
| train/              |          |
|    learning_rate    | 0.0001   |
|    loss             | 1.17e-06 |
|    n_updates        | 864538   |
----------------------------------
----------------------------------
| rollout/            |          |
|    ep_len_mean      | 7.8e+04  |
|    ep_rew_mean      | -0.356   |
|    exploration_rate | 0.05     |
| time/               |          |
|    episodes         | 50       |
|    fps              | 313      |
|    time_elapsed     | 12430    |
|    total_timesteps  | 3897950  |
| train/              |          |
|    learning_rate    | 0.0001   |
|    loss             | 1.53e-06 |
|    n_updates        | 961987   |
----------------------------------
----------------------------------
| rollout/            |          |
|    ep_len_mean      | 7.8e+04  |
|    ep_rew_mean      | -0.355   |
|    exploration_rate | 0.05     |
| time/               |          |
|    episodes         | 55       |
|    fps              | 313      |
|    time_elapsed     | 13691    |
|    total_timesteps  | 4287745  |
| train/              |          |
|    learning_rate    | 0.0001   |
|    loss             | 1.18e-08 |
|    n_updates        | 1059436  |
----------------------------------
----------------------------------
| rollout/            |          |
|    ep_len_mean      | 7.8e+04  |
|    ep_rew_mean      | -0.26    |
|    exploration_rate | 0.05     |
| time/               |          |
|    episodes         | 60       |
|    fps              | 312      |
|    time_elapsed     | 14951    |
|    total_timesteps  | 4677540  |
| train/              |          |
|    learning_rate    | 0.0001   |
|    loss             | 2.38e-05 |
|    n_updates        | 1156884  |
----------------------------------
----------------------------------
| rollout/            |          |
|    ep_len_mean      | 7.8e+04  |
|    ep_rew_mean      | -0.303   |
|    exploration_rate | 0.05     |
| time/               |          |
|    episodes         | 65       |
|    fps              | 312      |
|    time_elapsed     | 16212    |
|    total_timesteps  | 5067335  |
| train/              |          |
|    learning_rate    | 0.0001   |
|    loss             | 5.4e-08  |
|    n_updates        | 1254333  |
----------------------------------
----------------------------------
| rollout/            |          |
|    ep_len_mean      | 7.8e+04  |
|    ep_rew_mean      | -0.298   |
|    exploration_rate | 0.05     |
| time/               |          |
|    episodes         | 70       |
|    fps              | 312      |
|    time_elapsed     | 17473    |
|    total_timesteps  | 5457130  |
| train/              |          |
|    learning_rate    | 0.0001   |
|    loss             | 6.41e-08 |
|    n_updates        | 1351782  |
----------------------------------
----------------------------------
| rollout/            |          |
|    ep_len_mean      | 7.8e+04  |
|    ep_rew_mean      | -0.296   |
|    exploration_rate | 0.05     |
| time/               |          |
|    episodes         | 75       |
|    fps              | 312      |
|    time_elapsed     | 18735    |
|    total_timesteps  | 5846925  |
| train/              |          |
|    learning_rate    | 0.0001   |
|    loss             | 1.09e-07 |
|    n_updates        | 1449231  |
----------------------------------
