Starting multi-experiment...
Starting run 1...
Created directory ./experiments/results/ohlc_time_twitter/dqn/train/ex1/2022-09-08-19-19-13/stats
Created directory ./experiments/results/ohlc_time_twitter/dqn/train/ex1/2022-09-08-19-19-13/model
Copied config file ./experiments/config/ohlc_time_twitter/dqn/ex1.yaml to ./experiments/results/ohlc_time_twitter/dqn/train/ex1/2022-09-08-19-19-13
Logging to ./experiments/results/ohlc_time_twitter/dqn/train/ex1/2022-09-08-19-19-13/stats
Using cuda device
Wrapping the env with a `Monitor` wrapper
Wrapping the env in a DummyVecEnv.
----------------------------------
| rollout/            |          |
|    ep_len_mean      | 7.8e+04  |
|    ep_rew_mean      | -0.629   |
|    exploration_rate | 0.525    |
| time/               |          |
|    episodes         | 5        |
|    fps              | 460      |
|    time_elapsed     | 846      |
|    total_timesteps  | 389795   |
| train/              |          |
|    learning_rate    | 0.0001   |
|    loss             | 1.42e-06 |
|    n_updates        | 84948    |
----------------------------------
----------------------------------
| rollout/            |          |
|    ep_len_mean      | 7.8e+04  |
|    ep_rew_mean      | -0.285   |
|    exploration_rate | 0.0504   |
| time/               |          |
|    episodes         | 10       |
|    fps              | 441      |
|    time_elapsed     | 1765     |
|    total_timesteps  | 779590   |
| train/              |          |
|    learning_rate    | 0.0001   |
|    loss             | 1.03e-06 |
|    n_updates        | 182397   |
----------------------------------
----------------------------------
| rollout/            |          |
|    ep_len_mean      | 7.8e+04  |
|    ep_rew_mean      | -0.452   |
|    exploration_rate | 0.05     |
| time/               |          |
|    episodes         | 15       |
|    fps              | 430      |
|    time_elapsed     | 2713     |
|    total_timesteps  | 1169385  |
| train/              |          |
|    learning_rate    | 0.0001   |
|    loss             | 1.93e-06 |
|    n_updates        | 279846   |
----------------------------------
----------------------------------
| rollout/            |          |
|    ep_len_mean      | 7.8e+04  |
|    ep_rew_mean      | -0.389   |
|    exploration_rate | 0.05     |
| time/               |          |
|    episodes         | 20       |
|    fps              | 425      |
|    time_elapsed     | 3661     |
|    total_timesteps  | 1559180  |
| train/              |          |
|    learning_rate    | 0.0001   |
|    loss             | 4.21e-07 |
|    n_updates        | 377294   |
----------------------------------
----------------------------------
| rollout/            |          |
|    ep_len_mean      | 7.8e+04  |
|    ep_rew_mean      | -0.304   |
|    exploration_rate | 0.05     |
| time/               |          |
|    episodes         | 25       |
|    fps              | 422      |
|    time_elapsed     | 4608     |
|    total_timesteps  | 1948975  |
| train/              |          |
|    learning_rate    | 0.0001   |
|    loss             | 1.45e-07 |
|    n_updates        | 474743   |
----------------------------------
----------------------------------
| rollout/            |          |
|    ep_len_mean      | 7.8e+04  |
|    ep_rew_mean      | -0.298   |
|    exploration_rate | 0.05     |
| time/               |          |
|    episodes         | 30       |
|    fps              | 421      |
|    time_elapsed     | 5552     |
|    total_timesteps  | 2338770  |
| train/              |          |
|    learning_rate    | 0.0001   |
|    loss             | 5.57e-06 |
|    n_updates        | 572192   |
----------------------------------
----------------------------------
| rollout/            |          |
|    ep_len_mean      | 7.8e+04  |
|    ep_rew_mean      | -0.309   |
|    exploration_rate | 0.05     |
| time/               |          |
|    episodes         | 35       |
|    fps              | 420      |
|    time_elapsed     | 6494     |
|    total_timesteps  | 2728565  |
| train/              |          |
|    learning_rate    | 0.0001   |
|    loss             | 2.03e-06 |
|    n_updates        | 669641   |
----------------------------------
----------------------------------
| rollout/            |          |
|    ep_len_mean      | 7.8e+04  |
|    ep_rew_mean      | -0.184   |
|    exploration_rate | 0.05     |
| time/               |          |
|    episodes         | 40       |
|    fps              | 418      |
|    time_elapsed     | 7443     |
|    total_timesteps  | 3118360  |
| train/              |          |
|    learning_rate    | 0.0001   |
|    loss             | 5.91e-07 |
|    n_updates        | 767089   |
----------------------------------
----------------------------------
| rollout/            |          |
|    ep_len_mean      | 7.8e+04  |
|    ep_rew_mean      | -0.218   |
|    exploration_rate | 0.05     |
| time/               |          |
|    episodes         | 45       |
|    fps              | 418      |
|    time_elapsed     | 8390     |
|    total_timesteps  | 3508155  |
| train/              |          |
|    learning_rate    | 0.0001   |
|    loss             | 1.09e-06 |
|    n_updates        | 864538   |
----------------------------------
----------------------------------
| rollout/            |          |
|    ep_len_mean      | 7.8e+04  |
|    ep_rew_mean      | -0.223   |
|    exploration_rate | 0.05     |
| time/               |          |
|    episodes         | 50       |
|    fps              | 417      |
|    time_elapsed     | 9335     |
|    total_timesteps  | 3897950  |
| train/              |          |
|    learning_rate    | 0.0001   |
|    loss             | 2.26e-06 |
|    n_updates        | 961987   |
----------------------------------
----------------------------------
| rollout/            |          |
|    ep_len_mean      | 7.8e+04  |
|    ep_rew_mean      | -0.193   |
|    exploration_rate | 0.05     |
| time/               |          |
|    episodes         | 55       |
|    fps              | 417      |
|    time_elapsed     | 10278    |
|    total_timesteps  | 4287745  |
| train/              |          |
|    learning_rate    | 0.0001   |
|    loss             | 1.48e-06 |
|    n_updates        | 1059436  |
----------------------------------
----------------------------------
| rollout/            |          |
|    ep_len_mean      | 7.8e+04  |
|    ep_rew_mean      | -0.151   |
|    exploration_rate | 0.05     |
| time/               |          |
|    episodes         | 60       |
|    fps              | 416      |
|    time_elapsed     | 11222    |
|    total_timesteps  | 4677540  |
| train/              |          |
|    learning_rate    | 0.0001   |
|    loss             | 1.74e-07 |
|    n_updates        | 1156884  |
----------------------------------
----------------------------------
| rollout/            |          |
|    ep_len_mean      | 7.8e+04  |
|    ep_rew_mean      | -0.154   |
|    exploration_rate | 0.05     |
| time/               |          |
|    episodes         | 65       |
|    fps              | 416      |
|    time_elapsed     | 12170    |
|    total_timesteps  | 5067335  |
| train/              |          |
|    learning_rate    | 0.0001   |
|    loss             | 9.91e-06 |
|    n_updates        | 1254333  |
----------------------------------
----------------------------------
| rollout/            |          |
|    ep_len_mean      | 7.8e+04  |
|    ep_rew_mean      | -0.205   |
|    exploration_rate | 0.05     |
| time/               |          |
|    episodes         | 70       |
|    fps              | 416      |
|    time_elapsed     | 13113    |
|    total_timesteps  | 5457130  |
| train/              |          |
|    learning_rate    | 0.0001   |
|    loss             | 8.6e-08  |
|    n_updates        | 1351782  |
----------------------------------
----------------------------------
| rollout/            |          |
|    ep_len_mean      | 7.8e+04  |
|    ep_rew_mean      | -0.186   |
|    exploration_rate | 0.05     |
| time/               |          |
|    episodes         | 75       |
|    fps              | 415      |
|    time_elapsed     | 14059    |
|    total_timesteps  | 5846925  |
| train/              |          |
|    learning_rate    | 0.0001   |
|    loss             | 1.33e-07 |
|    n_updates        | 1449231  |
----------------------------------
----------------------------------
| rollout/            |          |
|    ep_len_mean      | 7.8e+04  |
|    ep_rew_mean      | -0.163   |
|    exploration_rate | 0.05     |
| time/               |          |
|    episodes         | 80       |
|    fps              | 415      |
|    time_elapsed     | 15002    |
|    total_timesteps  | 6236720  |
| train/              |          |
|    learning_rate    | 0.0001   |
|    loss             | 4e-07    |
|    n_updates        | 1546679  |
----------------------------------
----------------------------------
| rollout/            |          |
|    ep_len_mean      | 7.8e+04  |
|    ep_rew_mean      | -0.121   |
|    exploration_rate | 0.05     |
| time/               |          |
|    episodes         | 85       |
|    fps              | 415      |
|    time_elapsed     | 15950    |
|    total_timesteps  | 6626515  |
| train/              |          |
|    learning_rate    | 0.0001   |
|    loss             | 4.15e-07 |
|    n_updates        | 1644128  |
----------------------------------
----------------------------------
| rollout/            |          |
|    ep_len_mean      | 7.8e+04  |
|    ep_rew_mean      | -0.146   |
|    exploration_rate | 0.05     |
| time/               |          |
|    episodes         | 90       |
|    fps              | 415      |
|    time_elapsed     | 16896    |
|    total_timesteps  | 7016310  |
| train/              |          |
|    learning_rate    | 0.0001   |
|    loss             | 2.25e-07 |
|    n_updates        | 1741577  |
----------------------------------
----------------------------------
| rollout/            |          |
|    ep_len_mean      | 7.8e+04  |
|    ep_rew_mean      | -0.149   |
|    exploration_rate | 0.05     |
| time/               |          |
|    episodes         | 95       |
|    fps              | 415      |
|    time_elapsed     | 17842    |
|    total_timesteps  | 7406105  |
| train/              |          |
|    learning_rate    | 0.0001   |
|    loss             | 1.21e-07 |
|    n_updates        | 1839026  |
----------------------------------
----------------------------------
| rollout/            |          |
|    ep_len_mean      | 7.8e+04  |
|    ep_rew_mean      | -0.158   |
|    exploration_rate | 0.05     |
| time/               |          |
|    episodes         | 100      |
|    fps              | 414      |
|    time_elapsed     | 18786    |
|    total_timesteps  | 7795900  |
| train/              |          |
|    learning_rate    | 0.0001   |
|    loss             | 4.84e-05 |
|    n_updates        | 1936474  |
----------------------------------
action 0:  19466  actions 1:  0
Starting run 2...
Created directory ./experiments/results/ohlc_time_twitter/dqn/train/ex2/2022-09-09-00-33-56/stats
Created directory ./experiments/results/ohlc_time_twitter/dqn/train/ex2/2022-09-09-00-33-56/model
Copied config file ./experiments/config/ohlc_time_twitter/dqn/ex2.yaml to ./experiments/results/ohlc_time_twitter/dqn/train/ex2/2022-09-09-00-33-56
Logging to ./experiments/results/ohlc_time_twitter/dqn/train/ex2/2022-09-09-00-33-56/stats
Using cuda device
Wrapping the env with a `Monitor` wrapper
Wrapping the env in a DummyVecEnv.
----------------------------------
| rollout/            |          |
|    ep_len_mean      | 7.8e+04  |
|    ep_rew_mean      | 0.365    |
|    exploration_rate | 0.525    |
| time/               |          |
|    episodes         | 5        |
|    fps              | 458      |
|    time_elapsed     | 849      |
|    total_timesteps  | 389795   |
| train/              |          |
|    learning_rate    | 0.0001   |
|    loss             | 2.49e-06 |
|    n_updates        | 84948    |
----------------------------------
----------------------------------
| rollout/            |          |
|    ep_len_mean      | 7.8e+04  |
|    ep_rew_mean      | -0.0112  |
|    exploration_rate | 0.0504   |
| time/               |          |
|    episodes         | 10       |
|    fps              | 438      |
|    time_elapsed     | 1779     |
|    total_timesteps  | 779590   |
| train/              |          |
|    learning_rate    | 0.0001   |
|    loss             | 1.03e-06 |
|    n_updates        | 182397   |
----------------------------------
----------------------------------
| rollout/            |          |
|    ep_len_mean      | 7.8e+04  |
|    ep_rew_mean      | -0.359   |
|    exploration_rate | 0.05     |
| time/               |          |
|    episodes         | 15       |
|    fps              | 428      |
|    time_elapsed     | 2728     |
|    total_timesteps  | 1169385  |
| train/              |          |
|    learning_rate    | 0.0001   |
|    loss             | 1.74e-06 |
|    n_updates        | 279846   |
----------------------------------
----------------------------------
| rollout/            |          |
|    ep_len_mean      | 7.8e+04  |
|    ep_rew_mean      | -0.481   |
|    exploration_rate | 0.05     |
| time/               |          |
|    episodes         | 20       |
|    fps              | 423      |
|    time_elapsed     | 3679     |
|    total_timesteps  | 1559180  |
| train/              |          |
|    learning_rate    | 0.0001   |
|    loss             | 3.39e-07 |
|    n_updates        | 377294   |
----------------------------------
----------------------------------
| rollout/            |          |
|    ep_len_mean      | 7.8e+04  |
|    ep_rew_mean      | -0.509   |
|    exploration_rate | 0.05     |
| time/               |          |
|    episodes         | 25       |
|    fps              | 421      |
|    time_elapsed     | 4627     |
|    total_timesteps  | 1948975  |
| train/              |          |
|    learning_rate    | 0.0001   |
|    loss             | 2.03e-05 |
|    n_updates        | 474743   |
----------------------------------
----------------------------------
| rollout/            |          |
|    ep_len_mean      | 7.8e+04  |
|    ep_rew_mean      | -0.591   |
|    exploration_rate | 0.05     |
| time/               |          |
|    episodes         | 30       |
|    fps              | 419      |
|    time_elapsed     | 5574     |
|    total_timesteps  | 2338770  |
| train/              |          |
|    learning_rate    | 0.0001   |
|    loss             | 5.48e-07 |
|    n_updates        | 572192   |
----------------------------------
----------------------------------
| rollout/            |          |
|    ep_len_mean      | 7.8e+04  |
|    ep_rew_mean      | -0.526   |
|    exploration_rate | 0.05     |
| time/               |          |
|    episodes         | 35       |
|    fps              | 418      |
|    time_elapsed     | 6522     |
|    total_timesteps  | 2728565  |
| train/              |          |
|    learning_rate    | 0.0001   |
|    loss             | 5.18e-08 |
|    n_updates        | 669641   |
----------------------------------
----------------------------------
| rollout/            |          |
|    ep_len_mean      | 7.8e+04  |
|    ep_rew_mean      | -0.495   |
|    exploration_rate | 0.05     |
| time/               |          |
|    episodes         | 40       |
|    fps              | 417      |
|    time_elapsed     | 7473     |
|    total_timesteps  | 3118360  |
| train/              |          |
|    learning_rate    | 0.0001   |
|    loss             | 9.13e-07 |
|    n_updates        | 767089   |
----------------------------------
----------------------------------
| rollout/            |          |
|    ep_len_mean      | 7.8e+04  |
|    ep_rew_mean      | -0.483   |
|    exploration_rate | 0.05     |
| time/               |          |
|    episodes         | 45       |
|    fps              | 416      |
|    time_elapsed     | 8420     |
|    total_timesteps  | 3508155  |
| train/              |          |
|    learning_rate    | 0.0001   |
|    loss             | 5.01e-08 |
|    n_updates        | 864538   |
----------------------------------
----------------------------------
| rollout/            |          |
|    ep_len_mean      | 7.8e+04  |
|    ep_rew_mean      | -0.494   |
|    exploration_rate | 0.05     |
| time/               |          |
|    episodes         | 50       |
|    fps              | 416      |
|    time_elapsed     | 9368     |
|    total_timesteps  | 3897950  |
| train/              |          |
|    learning_rate    | 0.0001   |
|    loss             | 8.32e-07 |
|    n_updates        | 961987   |
----------------------------------
----------------------------------
| rollout/            |          |
|    ep_len_mean      | 7.8e+04  |
|    ep_rew_mean      | -0.507   |
|    exploration_rate | 0.05     |
| time/               |          |
|    episodes         | 55       |
|    fps              | 415      |
|    time_elapsed     | 10316    |
|    total_timesteps  | 4287745  |
| train/              |          |
|    learning_rate    | 0.0001   |
|    loss             | 1.23e-07 |
|    n_updates        | 1059436  |
----------------------------------
----------------------------------
| rollout/            |          |
|    ep_len_mean      | 7.8e+04  |
|    ep_rew_mean      | -0.483   |
|    exploration_rate | 0.05     |
| time/               |          |
|    episodes         | 60       |
|    fps              | 415      |
|    time_elapsed     | 11265    |
|    total_timesteps  | 4677540  |
| train/              |          |
|    learning_rate    | 0.0001   |
|    loss             | 3.02e-07 |
|    n_updates        | 1156884  |
----------------------------------
----------------------------------
| rollout/            |          |
|    ep_len_mean      | 7.8e+04  |
|    ep_rew_mean      | -0.503   |
|    exploration_rate | 0.05     |
| time/               |          |
|    episodes         | 65       |
|    fps              | 414      |
|    time_elapsed     | 12213    |
|    total_timesteps  | 5067335  |
| train/              |          |
|    learning_rate    | 0.0001   |
|    loss             | 9.62e-06 |
|    n_updates        | 1254333  |
----------------------------------
----------------------------------
| rollout/            |          |
|    ep_len_mean      | 7.8e+04  |
|    ep_rew_mean      | -0.441   |
|    exploration_rate | 0.05     |
| time/               |          |
|    episodes         | 70       |
|    fps              | 414      |
|    time_elapsed     | 13160    |
|    total_timesteps  | 5457130  |
| train/              |          |
|    learning_rate    | 0.0001   |
|    loss             | 3.76e-06 |
|    n_updates        | 1351782  |
----------------------------------
----------------------------------
| rollout/            |          |
|    ep_len_mean      | 7.8e+04  |
|    ep_rew_mean      | -0.388   |
|    exploration_rate | 0.05     |
| time/               |          |
|    episodes         | 75       |
|    fps              | 414      |
|    time_elapsed     | 14111    |
|    total_timesteps  | 5846925  |
| train/              |          |
|    learning_rate    | 0.0001   |
|    loss             | 1.79e-08 |
|    n_updates        | 1449231  |
----------------------------------
----------------------------------
| rollout/            |          |
|    ep_len_mean      | 7.8e+04  |
|    ep_rew_mean      | -0.382   |
|    exploration_rate | 0.05     |
| time/               |          |
|    episodes         | 80       |
|    fps              | 414      |
|    time_elapsed     | 15059    |
|    total_timesteps  | 6236720  |
| train/              |          |
|    learning_rate    | 0.0001   |
|    loss             | 1.3e-06  |
|    n_updates        | 1546679  |
----------------------------------
----------------------------------
| rollout/            |          |
|    ep_len_mean      | 7.8e+04  |
|    ep_rew_mean      | -0.319   |
|    exploration_rate | 0.05     |
| time/               |          |
|    episodes         | 85       |
|    fps              | 413      |
|    time_elapsed     | 16006    |
|    total_timesteps  | 6626515  |
| train/              |          |
|    learning_rate    | 0.0001   |
|    loss             | 1.12e-06 |
|    n_updates        | 1644128  |
----------------------------------
----------------------------------
| rollout/            |          |
|    ep_len_mean      | 7.8e+04  |
|    ep_rew_mean      | -0.267   |
|    exploration_rate | 0.05     |
| time/               |          |
|    episodes         | 90       |
|    fps              | 413      |
|    time_elapsed     | 16954    |
|    total_timesteps  | 7016310  |
| train/              |          |
|    learning_rate    | 0.0001   |
|    loss             | 1.44e-06 |
|    n_updates        | 1741577  |
----------------------------------
----------------------------------
| rollout/            |          |
|    ep_len_mean      | 7.8e+04  |
|    ep_rew_mean      | -0.249   |
|    exploration_rate | 0.05     |
| time/               |          |
|    episodes         | 95       |
|    fps              | 413      |
|    time_elapsed     | 17900    |
|    total_timesteps  | 7406105  |
| train/              |          |
|    learning_rate    | 0.0001   |
|    loss             | 2.22e-07 |
|    n_updates        | 1839026  |
----------------------------------
----------------------------------
| rollout/            |          |
|    ep_len_mean      | 7.8e+04  |
|    ep_rew_mean      | -0.285   |
|    exploration_rate | 0.05     |
| time/               |          |
|    episodes         | 100      |
|    fps              | 413      |
|    time_elapsed     | 18850    |
|    total_timesteps  | 7795900  |
| train/              |          |
|    learning_rate    | 0.0001   |
|    loss             | 4.03e-07 |
|    n_updates        | 1936474  |
----------------------------------
action 0:  0  actions 1:  19466
Starting run 3...
Created directory ./experiments/results/ohlc_time_twitter/dqn/train/ex3/2022-09-09-05-49-37/stats
Created directory ./experiments/results/ohlc_time_twitter/dqn/train/ex3/2022-09-09-05-49-37/model
Copied config file ./experiments/config/ohlc_time_twitter/dqn/ex3.yaml to ./experiments/results/ohlc_time_twitter/dqn/train/ex3/2022-09-09-05-49-37
Logging to ./experiments/results/ohlc_time_twitter/dqn/train/ex3/2022-09-09-05-49-37/stats
Using cuda device
Wrapping the env with a `Monitor` wrapper
Wrapping the env in a DummyVecEnv.
----------------------------------
| rollout/            |          |
|    ep_len_mean      | 7.8e+04  |
|    ep_rew_mean      | -0.409   |
|    exploration_rate | 0.525    |
| time/               |          |
|    episodes         | 5        |
|    fps              | 463      |
|    time_elapsed     | 841      |
|    total_timesteps  | 389795   |
| train/              |          |
|    learning_rate    | 0.0001   |
|    loss             | 2.01e-06 |
|    n_updates        | 84948    |
----------------------------------
----------------------------------
| rollout/            |          |
|    ep_len_mean      | 7.8e+04  |
|    ep_rew_mean      | -0.136   |
|    exploration_rate | 0.0504   |
| time/               |          |
|    episodes         | 10       |
|    fps              | 443      |
|    time_elapsed     | 1756     |
|    total_timesteps  | 779590   |
| train/              |          |
|    learning_rate    | 0.0001   |
|    loss             | 8.53e-07 |
|    n_updates        | 182397   |
----------------------------------
----------------------------------
| rollout/            |          |
|    ep_len_mean      | 7.8e+04  |
|    ep_rew_mean      | -0.084   |
|    exploration_rate | 0.05     |
| time/               |          |
|    episodes         | 15       |
|    fps              | 433      |
|    time_elapsed     | 2696     |
|    total_timesteps  | 1169385  |
| train/              |          |
|    learning_rate    | 0.0001   |
|    loss             | 4.48e-06 |
|    n_updates        | 279846   |
----------------------------------
----------------------------------
| rollout/            |          |
|    ep_len_mean      | 7.8e+04  |
|    ep_rew_mean      | -0.29    |
|    exploration_rate | 0.05     |
| time/               |          |
|    episodes         | 20       |
|    fps              | 429      |
|    time_elapsed     | 3631     |
|    total_timesteps  | 1559180  |
| train/              |          |
|    learning_rate    | 0.0001   |
|    loss             | 1.44e-06 |
|    n_updates        | 377294   |
----------------------------------
----------------------------------
| rollout/            |          |
|    ep_len_mean      | 7.8e+04  |
|    ep_rew_mean      | -0.239   |
|    exploration_rate | 0.05     |
| time/               |          |
|    episodes         | 25       |
|    fps              | 426      |
|    time_elapsed     | 4567     |
|    total_timesteps  | 1948975  |
| train/              |          |
|    learning_rate    | 0.0001   |
|    loss             | 1.42e-06 |
|    n_updates        | 474743   |
----------------------------------
----------------------------------
| rollout/            |          |
|    ep_len_mean      | 7.8e+04  |
|    ep_rew_mean      | -0.203   |
|    exploration_rate | 0.05     |
| time/               |          |
|    episodes         | 30       |
|    fps              | 424      |
|    time_elapsed     | 5507     |
|    total_timesteps  | 2338770  |
| train/              |          |
|    learning_rate    | 0.0001   |
|    loss             | 1.24e-07 |
|    n_updates        | 572192   |
----------------------------------
----------------------------------
| rollout/            |          |
|    ep_len_mean      | 7.8e+04  |
|    ep_rew_mean      | -0.263   |
|    exploration_rate | 0.05     |
| time/               |          |
|    episodes         | 35       |
|    fps              | 423      |
|    time_elapsed     | 6444     |
|    total_timesteps  | 2728565  |
| train/              |          |
|    learning_rate    | 0.0001   |
|    loss             | 2e-07    |
|    n_updates        | 669641   |
----------------------------------
----------------------------------
| rollout/            |          |
|    ep_len_mean      | 7.8e+04  |
|    ep_rew_mean      | -0.341   |
|    exploration_rate | 0.05     |
| time/               |          |
|    episodes         | 40       |
|    fps              | 422      |
|    time_elapsed     | 7379     |
|    total_timesteps  | 3118360  |
| train/              |          |
|    learning_rate    | 0.0001   |
|    loss             | 2.92e-06 |
|    n_updates        | 767089   |
----------------------------------
----------------------------------
| rollout/            |          |
|    ep_len_mean      | 7.8e+04  |
|    ep_rew_mean      | -0.355   |
|    exploration_rate | 0.05     |
| time/               |          |
|    episodes         | 45       |
|    fps              | 421      |
|    time_elapsed     | 8320     |
|    total_timesteps  | 3508155  |
| train/              |          |
|    learning_rate    | 0.0001   |
|    loss             | 9.63e-07 |
|    n_updates        | 864538   |
----------------------------------
----------------------------------
| rollout/            |          |
|    ep_len_mean      | 7.8e+04  |
|    ep_rew_mean      | -0.28    |
|    exploration_rate | 0.05     |
| time/               |          |
|    episodes         | 50       |
|    fps              | 420      |
|    time_elapsed     | 9260     |
|    total_timesteps  | 3897950  |
| train/              |          |
|    learning_rate    | 0.0001   |
|    loss             | 6.21e-06 |
|    n_updates        | 961987   |
----------------------------------
----------------------------------
| rollout/            |          |
|    ep_len_mean      | 7.8e+04  |
|    ep_rew_mean      | -0.23    |
|    exploration_rate | 0.05     |
| time/               |          |
|    episodes         | 55       |
|    fps              | 420      |
|    time_elapsed     | 10197    |
|    total_timesteps  | 4287745  |
| train/              |          |
|    learning_rate    | 0.0001   |
|    loss             | 3.55e-08 |
|    n_updates        | 1059436  |
----------------------------------
----------------------------------
| rollout/            |          |
|    ep_len_mean      | 7.8e+04  |
|    ep_rew_mean      | -0.211   |
|    exploration_rate | 0.05     |
| time/               |          |
|    episodes         | 60       |
|    fps              | 420      |
|    time_elapsed     | 11135    |
|    total_timesteps  | 4677540  |
| train/              |          |
|    learning_rate    | 0.0001   |
|    loss             | 4.2e-05  |
|    n_updates        | 1156884  |
----------------------------------
----------------------------------
| rollout/            |          |
|    ep_len_mean      | 7.8e+04  |
|    ep_rew_mean      | -0.194   |
|    exploration_rate | 0.05     |
| time/               |          |
|    episodes         | 65       |
|    fps              | 419      |
|    time_elapsed     | 12073    |
|    total_timesteps  | 5067335  |
| train/              |          |
|    learning_rate    | 0.0001   |
|    loss             | 1.1e-05  |
|    n_updates        | 1254333  |
----------------------------------
----------------------------------
| rollout/            |          |
|    ep_len_mean      | 7.8e+04  |
|    ep_rew_mean      | -0.237   |
|    exploration_rate | 0.05     |
| time/               |          |
|    episodes         | 70       |
|    fps              | 419      |
|    time_elapsed     | 13011    |
|    total_timesteps  | 5457130  |
| train/              |          |
|    learning_rate    | 0.0001   |
|    loss             | 5.21e-08 |
|    n_updates        | 1351782  |
----------------------------------
----------------------------------
| rollout/            |          |
|    ep_len_mean      | 7.8e+04  |
|    ep_rew_mean      | -0.23    |
|    exploration_rate | 0.05     |
| time/               |          |
|    episodes         | 75       |
|    fps              | 419      |
|    time_elapsed     | 13951    |
|    total_timesteps  | 5846925  |
| train/              |          |
|    learning_rate    | 0.0001   |
|    loss             | 1.15e-05 |
|    n_updates        | 1449231  |
----------------------------------
----------------------------------
| rollout/            |          |
|    ep_len_mean      | 7.8e+04  |
|    ep_rew_mean      | -0.241   |
|    exploration_rate | 0.05     |
| time/               |          |
|    episodes         | 80       |
|    fps              | 418      |
|    time_elapsed     | 14891    |
|    total_timesteps  | 6236720  |
| train/              |          |
|    learning_rate    | 0.0001   |
|    loss             | 1.06e-06 |
|    n_updates        | 1546679  |
----------------------------------
----------------------------------
| rollout/            |          |
|    ep_len_mean      | 7.8e+04  |
|    ep_rew_mean      | -0.221   |
|    exploration_rate | 0.05     |
| time/               |          |
|    episodes         | 85       |
|    fps              | 418      |
|    time_elapsed     | 15829    |
|    total_timesteps  | 6626515  |
| train/              |          |
|    learning_rate    | 0.0001   |
|    loss             | 1.38e-07 |
|    n_updates        | 1644128  |
----------------------------------
----------------------------------
| rollout/            |          |
|    ep_len_mean      | 7.8e+04  |
|    ep_rew_mean      | -0.218   |
|    exploration_rate | 0.05     |
| time/               |          |
|    episodes         | 90       |
|    fps              | 418      |
|    time_elapsed     | 16770    |
|    total_timesteps  | 7016310  |
| train/              |          |
|    learning_rate    | 0.0001   |
|    loss             | 1.25e-07 |
|    n_updates        | 1741577  |
----------------------------------
----------------------------------
| rollout/            |          |
|    ep_len_mean      | 7.8e+04  |
|    ep_rew_mean      | -0.216   |
|    exploration_rate | 0.05     |
| time/               |          |
|    episodes         | 95       |
|    fps              | 418      |
|    time_elapsed     | 17709    |
|    total_timesteps  | 7406105  |
| train/              |          |
|    learning_rate    | 0.0001   |
|    loss             | 5.85e-08 |
|    n_updates        | 1839026  |
----------------------------------
----------------------------------
| rollout/            |          |
|    ep_len_mean      | 7.8e+04  |
|    ep_rew_mean      | -0.231   |
|    exploration_rate | 0.05     |
| time/               |          |
|    episodes         | 100      |
|    fps              | 417      |
|    time_elapsed     | 18654    |
|    total_timesteps  | 7795900  |
| train/              |          |
|    learning_rate    | 0.0001   |
|    loss             | 7.49e-08 |
|    n_updates        | 1936474  |
----------------------------------
action 0:  19466  actions 1:  0
Finished multi-experiment
