Starting multi-experiment...
Starting run 1...
Created directory ./experiments/results/ohlc_time/dqn/train/ex1/2022-09-08-19-13-30/stats
Created directory ./experiments/results/ohlc_time/dqn/train/ex1/2022-09-08-19-13-30/model
Copied config file ./experiments/config/ohlc_time/dqn/ex1.yaml to ./experiments/results/ohlc_time/dqn/train/ex1/2022-09-08-19-13-30
Logging to ./experiments/results/ohlc_time/dqn/train/ex1/2022-09-08-19-13-30/stats
Using cuda device
Wrapping the env with a `Monitor` wrapper
Wrapping the env in a DummyVecEnv.
----------------------------------
| rollout/            |          |
|    ep_len_mean      | 7.8e+04  |
|    ep_rew_mean      | -1.04    |
|    exploration_rate | 0.525    |
| time/               |          |
|    episodes         | 5        |
|    fps              | 443      |
|    time_elapsed     | 878      |
|    total_timesteps  | 389795   |
| train/              |          |
|    learning_rate    | 0.0001   |
|    loss             | 9.46e-07 |
|    n_updates        | 84948    |
----------------------------------
----------------------------------
| rollout/            |          |
|    ep_len_mean      | 7.8e+04  |
|    ep_rew_mean      | -0.632   |
|    exploration_rate | 0.0504   |
| time/               |          |
|    episodes         | 10       |
|    fps              | 417      |
|    time_elapsed     | 1867     |
|    total_timesteps  | 779590   |
| train/              |          |
|    learning_rate    | 0.0001   |
|    loss             | 5.75e-07 |
|    n_updates        | 182397   |
----------------------------------
----------------------------------
| rollout/            |          |
|    ep_len_mean      | 7.8e+04  |
|    ep_rew_mean      | -0.458   |
|    exploration_rate | 0.05     |
| time/               |          |
|    episodes         | 15       |
|    fps              | 405      |
|    time_elapsed     | 2882     |
|    total_timesteps  | 1169385  |
| train/              |          |
|    learning_rate    | 0.0001   |
|    loss             | 3.24e-07 |
|    n_updates        | 279846   |
----------------------------------
----------------------------------
| rollout/            |          |
|    ep_len_mean      | 7.8e+04  |
|    ep_rew_mean      | -0.266   |
|    exploration_rate | 0.05     |
| time/               |          |
|    episodes         | 20       |
|    fps              | 399      |
|    time_elapsed     | 3899     |
|    total_timesteps  | 1559180  |
| train/              |          |
|    learning_rate    | 0.0001   |
|    loss             | 5.36e-08 |
|    n_updates        | 377294   |
----------------------------------
----------------------------------
| rollout/            |          |
|    ep_len_mean      | 7.8e+04  |
|    ep_rew_mean      | -0.314   |
|    exploration_rate | 0.05     |
| time/               |          |
|    episodes         | 25       |
|    fps              | 396      |
|    time_elapsed     | 4914     |
|    total_timesteps  | 1948975  |
| train/              |          |
|    learning_rate    | 0.0001   |
|    loss             | 5.79e-07 |
|    n_updates        | 474743   |
----------------------------------
----------------------------------
| rollout/            |          |
|    ep_len_mean      | 7.8e+04  |
|    ep_rew_mean      | -0.322   |
|    exploration_rate | 0.05     |
| time/               |          |
|    episodes         | 30       |
|    fps              | 393      |
|    time_elapsed     | 5936     |
|    total_timesteps  | 2338770  |
| train/              |          |
|    learning_rate    | 0.0001   |
|    loss             | 1.02e-07 |
|    n_updates        | 572192   |
----------------------------------
----------------------------------
| rollout/            |          |
|    ep_len_mean      | 7.8e+04  |
|    ep_rew_mean      | -0.264   |
|    exploration_rate | 0.05     |
| time/               |          |
|    episodes         | 35       |
|    fps              | 392      |
|    time_elapsed     | 6951     |
|    total_timesteps  | 2728565  |
| train/              |          |
|    learning_rate    | 0.0001   |
|    loss             | 9.22e-07 |
|    n_updates        | 669641   |
----------------------------------
----------------------------------
| rollout/            |          |
|    ep_len_mean      | 7.8e+04  |
|    ep_rew_mean      | -0.226   |
|    exploration_rate | 0.05     |
| time/               |          |
|    episodes         | 40       |
|    fps              | 391      |
|    time_elapsed     | 7973     |
|    total_timesteps  | 3118360  |
| train/              |          |
|    learning_rate    | 0.0001   |
|    loss             | 3.31e-06 |
|    n_updates        | 767089   |
----------------------------------
----------------------------------
| rollout/            |          |
|    ep_len_mean      | 7.8e+04  |
|    ep_rew_mean      | -0.228   |
|    exploration_rate | 0.05     |
| time/               |          |
|    episodes         | 45       |
|    fps              | 390      |
|    time_elapsed     | 8990     |
|    total_timesteps  | 3508155  |
| train/              |          |
|    learning_rate    | 0.0001   |
|    loss             | 2.05e-07 |
|    n_updates        | 864538   |
----------------------------------
----------------------------------
| rollout/            |          |
|    ep_len_mean      | 7.8e+04  |
|    ep_rew_mean      | -0.19    |
|    exploration_rate | 0.05     |
| time/               |          |
|    episodes         | 50       |
|    fps              | 389      |
|    time_elapsed     | 10014    |
|    total_timesteps  | 3897950  |
| train/              |          |
|    learning_rate    | 0.0001   |
|    loss             | 2.26e-06 |
|    n_updates        | 961987   |
----------------------------------
----------------------------------
| rollout/            |          |
|    ep_len_mean      | 7.8e+04  |
|    ep_rew_mean      | -0.169   |
|    exploration_rate | 0.05     |
| time/               |          |
|    episodes         | 55       |
|    fps              | 388      |
|    time_elapsed     | 11029    |
|    total_timesteps  | 4287745  |
| train/              |          |
|    learning_rate    | 0.0001   |
|    loss             | 1.1e-07  |
|    n_updates        | 1059436  |
----------------------------------
----------------------------------
| rollout/            |          |
|    ep_len_mean      | 7.8e+04  |
|    ep_rew_mean      | -0.15    |
|    exploration_rate | 0.05     |
| time/               |          |
|    episodes         | 60       |
|    fps              | 387      |
|    time_elapsed     | 12058    |
|    total_timesteps  | 4677540  |
| train/              |          |
|    learning_rate    | 0.0001   |
|    loss             | 2.69e-07 |
|    n_updates        | 1156884  |
----------------------------------
----------------------------------
| rollout/            |          |
|    ep_len_mean      | 7.8e+04  |
|    ep_rew_mean      | -0.184   |
|    exploration_rate | 0.05     |
| time/               |          |
|    episodes         | 65       |
|    fps              | 387      |
|    time_elapsed     | 13088    |
|    total_timesteps  | 5067335  |
| train/              |          |
|    learning_rate    | 0.0001   |
|    loss             | 7.5e-08  |
|    n_updates        | 1254333  |
----------------------------------
----------------------------------
| rollout/            |          |
|    ep_len_mean      | 7.8e+04  |
|    ep_rew_mean      | -0.209   |
|    exploration_rate | 0.05     |
| time/               |          |
|    episodes         | 70       |
|    fps              | 386      |
|    time_elapsed     | 14110    |
|    total_timesteps  | 5457130  |
| train/              |          |
|    learning_rate    | 0.0001   |
|    loss             | 1.84e-06 |
|    n_updates        | 1351782  |
----------------------------------
----------------------------------
| rollout/            |          |
|    ep_len_mean      | 7.8e+04  |
|    ep_rew_mean      | -0.151   |
|    exploration_rate | 0.05     |
| time/               |          |
|    episodes         | 75       |
|    fps              | 386      |
|    time_elapsed     | 15143    |
|    total_timesteps  | 5846925  |
| train/              |          |
|    learning_rate    | 0.0001   |
|    loss             | 2.95e-07 |
|    n_updates        | 1449231  |
----------------------------------
----------------------------------
| rollout/            |          |
|    ep_len_mean      | 7.8e+04  |
|    ep_rew_mean      | -0.142   |
|    exploration_rate | 0.05     |
| time/               |          |
|    episodes         | 80       |
|    fps              | 385      |
|    time_elapsed     | 16179    |
|    total_timesteps  | 6236720  |
| train/              |          |
|    learning_rate    | 0.0001   |
|    loss             | 3.44e-07 |
|    n_updates        | 1546679  |
----------------------------------
----------------------------------
| rollout/            |          |
|    ep_len_mean      | 7.8e+04  |
|    ep_rew_mean      | -0.109   |
|    exploration_rate | 0.05     |
| time/               |          |
|    episodes         | 85       |
|    fps              | 384      |
|    time_elapsed     | 17212    |
|    total_timesteps  | 6626515  |
| train/              |          |
|    learning_rate    | 0.0001   |
|    loss             | 1.12e-06 |
|    n_updates        | 1644128  |
----------------------------------
----------------------------------
| rollout/            |          |
|    ep_len_mean      | 7.8e+04  |
|    ep_rew_mean      | -0.155   |
|    exploration_rate | 0.05     |
| time/               |          |
|    episodes         | 90       |
|    fps              | 384      |
|    time_elapsed     | 18248    |
|    total_timesteps  | 7016310  |
| train/              |          |
|    learning_rate    | 0.0001   |
|    loss             | 3.09e-07 |
|    n_updates        | 1741577  |
----------------------------------
----------------------------------
| rollout/            |          |
|    ep_len_mean      | 7.8e+04  |
|    ep_rew_mean      | -0.188   |
|    exploration_rate | 0.05     |
| time/               |          |
|    episodes         | 95       |
|    fps              | 384      |
|    time_elapsed     | 19282    |
|    total_timesteps  | 7406105  |
| train/              |          |
|    learning_rate    | 0.0001   |
|    loss             | 2.18e-07 |
|    n_updates        | 1839026  |
----------------------------------
----------------------------------
| rollout/            |          |
|    ep_len_mean      | 7.8e+04  |
|    ep_rew_mean      | -0.178   |
|    exploration_rate | 0.05     |
| time/               |          |
|    episodes         | 100      |
|    fps              | 383      |
|    time_elapsed     | 20323    |
|    total_timesteps  | 7795900  |
| train/              |          |
|    learning_rate    | 0.0001   |
|    loss             | 7.23e-06 |
|    n_updates        | 1936474  |
----------------------------------
action 0:  18974  actions 1:  492
Starting run 2...
Created directory ./experiments/results/ohlc_time/dqn/train/ex2/2022-09-09-00-53-22/stats
Created directory ./experiments/results/ohlc_time/dqn/train/ex2/2022-09-09-00-53-22/model
Copied config file ./experiments/config/ohlc_time/dqn/ex2.yaml to ./experiments/results/ohlc_time/dqn/train/ex2/2022-09-09-00-53-22
Logging to ./experiments/results/ohlc_time/dqn/train/ex2/2022-09-09-00-53-22/stats
Using cuda device
Wrapping the env with a `Monitor` wrapper
Wrapping the env in a DummyVecEnv.
----------------------------------
| rollout/            |          |
|    ep_len_mean      | 7.8e+04  |
|    ep_rew_mean      | 0.401    |
|    exploration_rate | 0.525    |
| time/               |          |
|    episodes         | 5        |
|    fps              | 436      |
|    time_elapsed     | 893      |
|    total_timesteps  | 389795   |
| train/              |          |
|    learning_rate    | 0.0001   |
|    loss             | 2.13e-06 |
|    n_updates        | 84948    |
----------------------------------
----------------------------------
| rollout/            |          |
|    ep_len_mean      | 7.8e+04  |
|    ep_rew_mean      | -0.0536  |
|    exploration_rate | 0.0504   |
| time/               |          |
|    episodes         | 10       |
|    fps              | 411      |
|    time_elapsed     | 1893     |
|    total_timesteps  | 779590   |
| train/              |          |
|    learning_rate    | 0.0001   |
|    loss             | 1.18e-06 |
|    n_updates        | 182397   |
----------------------------------
----------------------------------
| rollout/            |          |
|    ep_len_mean      | 7.8e+04  |
|    ep_rew_mean      | -0.415   |
|    exploration_rate | 0.05     |
| time/               |          |
|    episodes         | 15       |
|    fps              | 400      |
|    time_elapsed     | 2922     |
|    total_timesteps  | 1169385  |
| train/              |          |
|    learning_rate    | 0.0001   |
|    loss             | 5.37e-07 |
|    n_updates        | 279846   |
----------------------------------
----------------------------------
| rollout/            |          |
|    ep_len_mean      | 7.8e+04  |
|    ep_rew_mean      | -0.365   |
|    exploration_rate | 0.05     |
| time/               |          |
|    episodes         | 20       |
|    fps              | 393      |
|    time_elapsed     | 3960     |
|    total_timesteps  | 1559180  |
| train/              |          |
|    learning_rate    | 0.0001   |
|    loss             | 8.05e-08 |
|    n_updates        | 377294   |
----------------------------------
----------------------------------
| rollout/            |          |
|    ep_len_mean      | 7.8e+04  |
|    ep_rew_mean      | -0.426   |
|    exploration_rate | 0.05     |
| time/               |          |
|    episodes         | 25       |
|    fps              | 390      |
|    time_elapsed     | 4992     |
|    total_timesteps  | 1948975  |
| train/              |          |
|    learning_rate    | 0.0001   |
|    loss             | 2.33e-05 |
|    n_updates        | 474743   |
----------------------------------
----------------------------------
| rollout/            |          |
|    ep_len_mean      | 7.8e+04  |
|    ep_rew_mean      | -0.322   |
|    exploration_rate | 0.05     |
| time/               |          |
|    episodes         | 30       |
|    fps              | 387      |
|    time_elapsed     | 6029     |
|    total_timesteps  | 2338770  |
| train/              |          |
|    learning_rate    | 0.0001   |
|    loss             | 1.54e-05 |
|    n_updates        | 572192   |
----------------------------------
----------------------------------
| rollout/            |          |
|    ep_len_mean      | 7.8e+04  |
|    ep_rew_mean      | -0.186   |
|    exploration_rate | 0.05     |
| time/               |          |
|    episodes         | 35       |
|    fps              | 386      |
|    time_elapsed     | 7064     |
|    total_timesteps  | 2728565  |
| train/              |          |
|    learning_rate    | 0.0001   |
|    loss             | 7.77e-07 |
|    n_updates        | 669641   |
----------------------------------
----------------------------------
| rollout/            |          |
|    ep_len_mean      | 7.8e+04  |
|    ep_rew_mean      | -0.193   |
|    exploration_rate | 0.05     |
| time/               |          |
|    episodes         | 40       |
|    fps              | 385      |
|    time_elapsed     | 8092     |
|    total_timesteps  | 3118360  |
| train/              |          |
|    learning_rate    | 0.0001   |
|    loss             | 2.52e-07 |
|    n_updates        | 767089   |
----------------------------------
----------------------------------
| rollout/            |          |
|    ep_len_mean      | 7.8e+04  |
|    ep_rew_mean      | -0.194   |
|    exploration_rate | 0.05     |
| time/               |          |
|    episodes         | 45       |
|    fps              | 385      |
|    time_elapsed     | 9106     |
|    total_timesteps  | 3508155  |
| train/              |          |
|    learning_rate    | 0.0001   |
|    loss             | 8.86e-07 |
|    n_updates        | 864538   |
----------------------------------
----------------------------------
| rollout/            |          |
|    ep_len_mean      | 7.8e+04  |
|    ep_rew_mean      | -0.172   |
|    exploration_rate | 0.05     |
| time/               |          |
|    episodes         | 50       |
|    fps              | 385      |
|    time_elapsed     | 10122    |
|    total_timesteps  | 3897950  |
| train/              |          |
|    learning_rate    | 0.0001   |
|    loss             | 9.47e-10 |
|    n_updates        | 961987   |
----------------------------------
----------------------------------
| rollout/            |          |
|    ep_len_mean      | 7.8e+04  |
|    ep_rew_mean      | -0.188   |
|    exploration_rate | 0.05     |
| time/               |          |
|    episodes         | 55       |
|    fps              | 385      |
|    time_elapsed     | 11128    |
|    total_timesteps  | 4287745  |
| train/              |          |
|    learning_rate    | 0.0001   |
|    loss             | 6.24e-09 |
|    n_updates        | 1059436  |
----------------------------------
----------------------------------
| rollout/            |          |
|    ep_len_mean      | 7.8e+04  |
|    ep_rew_mean      | -0.204   |
|    exploration_rate | 0.05     |
| time/               |          |
|    episodes         | 60       |
|    fps              | 385      |
|    time_elapsed     | 12148    |
|    total_timesteps  | 4677540  |
| train/              |          |
|    learning_rate    | 0.0001   |
|    loss             | 7.31e-07 |
|    n_updates        | 1156884  |
----------------------------------
----------------------------------
| rollout/            |          |
|    ep_len_mean      | 7.8e+04  |
|    ep_rew_mean      | -0.187   |
|    exploration_rate | 0.05     |
| time/               |          |
|    episodes         | 65       |
|    fps              | 384      |
|    time_elapsed     | 13163    |
|    total_timesteps  | 5067335  |
| train/              |          |
|    learning_rate    | 0.0001   |
|    loss             | 7.41e-06 |
|    n_updates        | 1254333  |
----------------------------------
----------------------------------
| rollout/            |          |
|    ep_len_mean      | 7.8e+04  |
|    ep_rew_mean      | -0.186   |
|    exploration_rate | 0.05     |
| time/               |          |
|    episodes         | 70       |
|    fps              | 385      |
|    time_elapsed     | 14171    |
|    total_timesteps  | 5457130  |
| train/              |          |
|    learning_rate    | 0.0001   |
|    loss             | 2.39e-06 |
|    n_updates        | 1351782  |
----------------------------------
----------------------------------
| rollout/            |          |
|    ep_len_mean      | 7.8e+04  |
|    ep_rew_mean      | -0.186   |
|    exploration_rate | 0.05     |
| time/               |          |
|    episodes         | 75       |
|    fps              | 385      |
|    time_elapsed     | 15175    |
|    total_timesteps  | 5846925  |
| train/              |          |
|    learning_rate    | 0.0001   |
|    loss             | 1.64e-06 |
|    n_updates        | 1449231  |
----------------------------------
----------------------------------
| rollout/            |          |
|    ep_len_mean      | 7.8e+04  |
|    ep_rew_mean      | -0.169   |
|    exploration_rate | 0.05     |
| time/               |          |
|    episodes         | 80       |
|    fps              | 385      |
|    time_elapsed     | 16190    |
|    total_timesteps  | 6236720  |
| train/              |          |
|    learning_rate    | 0.0001   |
|    loss             | 1.11e-06 |
|    n_updates        | 1546679  |
----------------------------------
----------------------------------
| rollout/            |          |
|    ep_len_mean      | 7.8e+04  |
|    ep_rew_mean      | -0.145   |
|    exploration_rate | 0.05     |
| time/               |          |
|    episodes         | 85       |
|    fps              | 385      |
|    time_elapsed     | 17194    |
|    total_timesteps  | 6626515  |
| train/              |          |
|    learning_rate    | 0.0001   |
|    loss             | 9.08e-07 |
|    n_updates        | 1644128  |
----------------------------------
----------------------------------
| rollout/            |          |
|    ep_len_mean      | 7.8e+04  |
|    ep_rew_mean      | -0.133   |
|    exploration_rate | 0.05     |
| time/               |          |
|    episodes         | 90       |
|    fps              | 385      |
|    time_elapsed     | 18201    |
|    total_timesteps  | 7016310  |
| train/              |          |
|    learning_rate    | 0.0001   |
|    loss             | 2e-06    |
|    n_updates        | 1741577  |
----------------------------------
----------------------------------
| rollout/            |          |
|    ep_len_mean      | 7.8e+04  |
|    ep_rew_mean      | -0.161   |
|    exploration_rate | 0.05     |
| time/               |          |
|    episodes         | 95       |
|    fps              | 385      |
|    time_elapsed     | 19209    |
|    total_timesteps  | 7406105  |
| train/              |          |
|    learning_rate    | 0.0001   |
|    loss             | 2.22e-06 |
|    n_updates        | 1839026  |
----------------------------------
----------------------------------
| rollout/            |          |
|    ep_len_mean      | 7.8e+04  |
|    ep_rew_mean      | -0.153   |
|    exploration_rate | 0.05     |
| time/               |          |
|    episodes         | 100      |
|    fps              | 385      |
|    time_elapsed     | 20221    |
|    total_timesteps  | 7795900  |
| train/              |          |
|    learning_rate    | 0.0001   |
|    loss             | 1.63e-07 |
|    n_updates        | 1936474  |
----------------------------------
action 0:  0  actions 1:  19466
Starting run 3...
Created directory ./experiments/results/ohlc_time/dqn/train/ex3/2022-09-09-06-31-24/stats
Created directory ./experiments/results/ohlc_time/dqn/train/ex3/2022-09-09-06-31-24/model
Copied config file ./experiments/config/ohlc_time/dqn/ex3.yaml to ./experiments/results/ohlc_time/dqn/train/ex3/2022-09-09-06-31-24
Logging to ./experiments/results/ohlc_time/dqn/train/ex3/2022-09-09-06-31-24/stats
Using cuda device
Wrapping the env with a `Monitor` wrapper
Wrapping the env in a DummyVecEnv.
----------------------------------
| rollout/            |          |
|    ep_len_mean      | 7.8e+04  |
|    ep_rew_mean      | -0.29    |
|    exploration_rate | 0.525    |
| time/               |          |
|    episodes         | 5        |
|    fps              | 444      |
|    time_elapsed     | 877      |
|    total_timesteps  | 389795   |
| train/              |          |
|    learning_rate    | 0.0001   |
|    loss             | 1.58e-06 |
|    n_updates        | 84948    |
----------------------------------
----------------------------------
| rollout/            |          |
|    ep_len_mean      | 7.8e+04  |
|    ep_rew_mean      | -0.526   |
|    exploration_rate | 0.0504   |
| time/               |          |
|    episodes         | 10       |
|    fps              | 418      |
|    time_elapsed     | 1861     |
|    total_timesteps  | 779590   |
| train/              |          |
|    learning_rate    | 0.0001   |
|    loss             | 1.48e-06 |
|    n_updates        | 182397   |
----------------------------------
----------------------------------
| rollout/            |          |
|    ep_len_mean      | 7.8e+04  |
|    ep_rew_mean      | -0.475   |
|    exploration_rate | 0.05     |
| time/               |          |
|    episodes         | 15       |
|    fps              | 407      |
|    time_elapsed     | 2868     |
|    total_timesteps  | 1169385  |
| train/              |          |
|    learning_rate    | 0.0001   |
|    loss             | 5.51e-07 |
|    n_updates        | 279846   |
----------------------------------
----------------------------------
| rollout/            |          |
|    ep_len_mean      | 7.8e+04  |
|    ep_rew_mean      | -0.321   |
|    exploration_rate | 0.05     |
| time/               |          |
|    episodes         | 20       |
|    fps              | 401      |
|    time_elapsed     | 3882     |
|    total_timesteps  | 1559180  |
| train/              |          |
|    learning_rate    | 0.0001   |
|    loss             | 1.29e-06 |
|    n_updates        | 377294   |
----------------------------------
----------------------------------
| rollout/            |          |
|    ep_len_mean      | 7.8e+04  |
|    ep_rew_mean      | -0.295   |
|    exploration_rate | 0.05     |
| time/               |          |
|    episodes         | 25       |
|    fps              | 397      |
|    time_elapsed     | 4897     |
|    total_timesteps  | 1948975  |
| train/              |          |
|    learning_rate    | 0.0001   |
|    loss             | 4.72e-07 |
|    n_updates        | 474743   |
----------------------------------
----------------------------------
| rollout/            |          |
|    ep_len_mean      | 7.8e+04  |
|    ep_rew_mean      | -0.241   |
|    exploration_rate | 0.05     |
| time/               |          |
|    episodes         | 30       |
|    fps              | 395      |
|    time_elapsed     | 5917     |
|    total_timesteps  | 2338770  |
| train/              |          |
|    learning_rate    | 0.0001   |
|    loss             | 4.82e-07 |
|    n_updates        | 572192   |
----------------------------------
----------------------------------
| rollout/            |          |
|    ep_len_mean      | 7.8e+04  |
|    ep_rew_mean      | -0.222   |
|    exploration_rate | 0.05     |
| time/               |          |
|    episodes         | 35       |
|    fps              | 393      |
|    time_elapsed     | 6938     |
|    total_timesteps  | 2728565  |
| train/              |          |
|    learning_rate    | 0.0001   |
|    loss             | 8.01e-07 |
|    n_updates        | 669641   |
----------------------------------
----------------------------------
| rollout/            |          |
|    ep_len_mean      | 7.8e+04  |
|    ep_rew_mean      | -0.244   |
|    exploration_rate | 0.05     |
| time/               |          |
|    episodes         | 40       |
|    fps              | 392      |
|    time_elapsed     | 7951     |
|    total_timesteps  | 3118360  |
| train/              |          |
|    learning_rate    | 0.0001   |
|    loss             | 6.65e-06 |
|    n_updates        | 767089   |
----------------------------------
----------------------------------
| rollout/            |          |
|    ep_len_mean      | 7.8e+04  |
|    ep_rew_mean      | -0.227   |
|    exploration_rate | 0.05     |
| time/               |          |
|    episodes         | 45       |
|    fps              | 391      |
|    time_elapsed     | 8967     |
|    total_timesteps  | 3508155  |
| train/              |          |
|    learning_rate    | 0.0001   |
|    loss             | 3.05e-07 |
|    n_updates        | 864538   |
----------------------------------
----------------------------------
| rollout/            |          |
|    ep_len_mean      | 7.8e+04  |
|    ep_rew_mean      | -0.207   |
|    exploration_rate | 0.05     |
| time/               |          |
|    episodes         | 50       |
|    fps              | 390      |
|    time_elapsed     | 9984     |
|    total_timesteps  | 3897950  |
| train/              |          |
|    learning_rate    | 0.0001   |
|    loss             | 3.29e-07 |
|    n_updates        | 961987   |
----------------------------------
----------------------------------
| rollout/            |          |
|    ep_len_mean      | 7.8e+04  |
|    ep_rew_mean      | -0.195   |
|    exploration_rate | 0.05     |
| time/               |          |
|    episodes         | 55       |
|    fps              | 389      |
|    time_elapsed     | 11001    |
|    total_timesteps  | 4287745  |
| train/              |          |
|    learning_rate    | 0.0001   |
|    loss             | 2.75e-07 |
|    n_updates        | 1059436  |
----------------------------------
----------------------------------
| rollout/            |          |
|    ep_len_mean      | 7.8e+04  |
|    ep_rew_mean      | -0.16    |
|    exploration_rate | 0.05     |
| time/               |          |
|    episodes         | 60       |
|    fps              | 389      |
|    time_elapsed     | 12016    |
|    total_timesteps  | 4677540  |
| train/              |          |
|    learning_rate    | 0.0001   |
|    loss             | 4.18e-07 |
|    n_updates        | 1156884  |
----------------------------------
----------------------------------
| rollout/            |          |
|    ep_len_mean      | 7.8e+04  |
|    ep_rew_mean      | -0.154   |
|    exploration_rate | 0.05     |
| time/               |          |
|    episodes         | 65       |
|    fps              | 388      |
|    time_elapsed     | 13027    |
|    total_timesteps  | 5067335  |
| train/              |          |
|    learning_rate    | 0.0001   |
|    loss             | 6.4e-06  |
|    n_updates        | 1254333  |
----------------------------------
----------------------------------
| rollout/            |          |
|    ep_len_mean      | 7.8e+04  |
|    ep_rew_mean      | -0.161   |
|    exploration_rate | 0.05     |
| time/               |          |
|    episodes         | 70       |
|    fps              | 388      |
|    time_elapsed     | 14043    |
|    total_timesteps  | 5457130  |
| train/              |          |
|    learning_rate    | 0.0001   |
|    loss             | 2.06e-07 |
|    n_updates        | 1351782  |
----------------------------------
----------------------------------
| rollout/            |          |
|    ep_len_mean      | 7.8e+04  |
|    ep_rew_mean      | -0.154   |
|    exploration_rate | 0.05     |
| time/               |          |
|    episodes         | 75       |
|    fps              | 388      |
|    time_elapsed     | 15065    |
|    total_timesteps  | 5846925  |
| train/              |          |
|    learning_rate    | 0.0001   |
|    loss             | 6.79e-06 |
|    n_updates        | 1449231  |
----------------------------------
----------------------------------
| rollout/            |          |
|    ep_len_mean      | 7.8e+04  |
|    ep_rew_mean      | -0.144   |
|    exploration_rate | 0.05     |
| time/               |          |
|    episodes         | 80       |
|    fps              | 387      |
|    time_elapsed     | 16081    |
|    total_timesteps  | 6236720  |
| train/              |          |
|    learning_rate    | 0.0001   |
|    loss             | 2.82e-05 |
|    n_updates        | 1546679  |
----------------------------------
----------------------------------
| rollout/            |          |
|    ep_len_mean      | 7.8e+04  |
|    ep_rew_mean      | -0.123   |
|    exploration_rate | 0.05     |
| time/               |          |
|    episodes         | 85       |
|    fps              | 387      |
|    time_elapsed     | 17090    |
|    total_timesteps  | 6626515  |
| train/              |          |
|    learning_rate    | 0.0001   |
|    loss             | 8.79e-08 |
|    n_updates        | 1644128  |
----------------------------------
----------------------------------
| rollout/            |          |
|    ep_len_mean      | 7.8e+04  |
|    ep_rew_mean      | -0.0909  |
|    exploration_rate | 0.05     |
| time/               |          |
|    episodes         | 90       |
|    fps              | 387      |
|    time_elapsed     | 18103    |
|    total_timesteps  | 7016310  |
| train/              |          |
|    learning_rate    | 0.0001   |
|    loss             | 1.59e-05 |
|    n_updates        | 1741577  |
----------------------------------
----------------------------------
| rollout/            |          |
|    ep_len_mean      | 7.8e+04  |
|    ep_rew_mean      | -0.113   |
|    exploration_rate | 0.05     |
| time/               |          |
|    episodes         | 95       |
|    fps              | 387      |
|    time_elapsed     | 19119    |
|    total_timesteps  | 7406105  |
| train/              |          |
|    learning_rate    | 0.0001   |
|    loss             | 1.38e-07 |
|    n_updates        | 1839026  |
----------------------------------
----------------------------------
| rollout/            |          |
|    ep_len_mean      | 7.8e+04  |
|    ep_rew_mean      | -0.107   |
|    exploration_rate | 0.05     |
| time/               |          |
|    episodes         | 100      |
|    fps              | 387      |
|    time_elapsed     | 20138    |
|    total_timesteps  | 7795900  |
| train/              |          |
|    learning_rate    | 0.0001   |
|    loss             | 2.25e-07 |
|    n_updates        | 1936474  |
----------------------------------
action 0:  19162  actions 1:  304
Finished multi-experiment
