slurmstepd-feueropal: error: Unable to create TMPDIR [/tmp/user/31423]: Permission denied
slurmstepd-feueropal: error: Setting TMPDIR to /tmp

CommandNotFoundError: Your shell has not been properly configured to use 'conda activate'.
To initialize your shell, run

    $ conda init <SHELL_NAME>

Currently supported shells are:
  - bash
  - fish
  - tcsh
  - xonsh
  - zsh
  - powershell

See 'conda init --help' for more information and options.

IMPORTANT: You may need to close and restart your shell after running 'conda init'.


2022-09-08 19:19:13,717 - INFO - main - Successfully read the given configuration file, created experiment directory and set up logger.
2022-09-08 19:19:13,718 - INFO - main - Starting experiment in mode train using configuration ./experiments/config/ohlc_time_twitter/dqn/ex1.yaml
2022-09-08 19:19:13,718 - INFO - experiment - Initializing training experiment...
2022-09-08 19:19:13,718 - INFO - experiment - Using the following features as learnable parameters: ['time', 'open', 'high', 'low', 'close', 'tick_volume', 'spread', 'real_volume', 'twitter_mention_count', 'twitter_mention_mean', 'twitter_mention_std', 'twitter_mention_min', 'twitter_mention_25%', 'twitter_mention_50%', 'twitter_mention_75%', 'twitter_mention_max', 'twitter_postitive_score_count', 'twitter_postitive_score_mean', 'twitter_postitive_score_std', 'twitter_postitive_score_min', 'twitter_postitive_score_25%', 'twitter_postitive_score_50%', 'twitter_postitive_score_75%', 'twitter_postitive_score_max', 'twitter_negative_score_count', 'twitter_negative_score_mean', 'twitter_negative_score_std', 'twitter_negative_score_min', 'twitter_negative_score_25%', 'twitter_negative_score_50%', 'twitter_negative_score_75%', 'twitter_negative_score_max', 'twitter_positive_mention_count', 'twitter_positive_mention_mean', 'twitter_positive_mention_std', 'twitter_positive_mention_min', 'twitter_positive_mention_25%', 'twitter_positive_mention_50%', 'twitter_positive_mention_75%', 'twitter_positive_mention_max', 'twitter_negative_mention_count', 'twitter_negative_mention_mean', 'twitter_negative_mention_std', 'twitter_negative_mention_min', 'twitter_negative_mention_25%', 'twitter_negative_mention_50%', 'twitter_negative_mention_75%', 'twitter_negative_mention_max', 'twitter_score_count', 'twitter_score_mean', 'twitter_score_std', 'twitter_score_min', 'twitter_score_25%', 'twitter_score_50%', 'twitter_score_75%', 'twitter_score_max']
2022-09-08 19:19:13,718 - INFO - experiment - Using time as learnable parameter: True
2022-09-08 19:19:18,536 - INFO - experiment - Using training data located in ./experiments/data/minmax/train.csv with length=77990 and shape=(77990, 56), and using testing data located in ./experiments/data/minmax/test.csv with length=19497 and shape=(19497, 56)
2022-09-08 19:19:18,537 - INFO - environment - Using action space: Discrete(2)
2022-09-08 19:19:18,537 - INFO - environment - Using observation space of shape: (30, 57)
2022-09-08 19:19:18,539 - INFO - environment - Using action space: Discrete(2)
2022-09-08 19:19:18,539 - INFO - environment - Using observation space of shape: (30, 57)
2022-09-08 19:19:18,541 - INFO - experiment - Using gym environment with window_size=30, scale_reward=1 and enable_render=False
2022-09-08 19:19:18,541 - INFO - agent - Initializing agent...
2022-09-08 19:19:18,586 - INFO - agent - Using device cuda
2022-09-08 19:19:18,586 - INFO - agent - Using policy MlpPolicy
2022-09-08 19:19:22,700 - INFO - agent - Using model DQN
2022-09-08 19:19:22,700 - INFO - agent - Successfully initialized agent
2022-09-08 19:19:22,700 - INFO - experiment - Successfully initialized training experiment
2022-09-08 19:19:22,700 - INFO - experiment - Starting training experiment...
2022-09-08 19:19:22,701 - INFO - experiment - Learning the agent...
/home/b/blenninger/arl22-rl-stock-trading/rltrading/gym/environment.py:106: RuntimeWarning: overflow encountered in double_scalars
  self._total_profit = quantity / curr_close
2022-09-09 00:32:37,170 - INFO - agent - Saved the model at ./experiments/results/ohlc_time_twitter/dqn/train/ex1/2022-09-08-19-19-13/model/episode-100
2022-09-09 00:32:37,171 - INFO - experiment - Finished learning the agent
2022-09-09 00:32:37,171 - INFO - experiment - Testing learned policy on test data...
2022-09-09 00:33:49,978 - INFO - agent - Saved the results at ./experiments/results/ohlc_time_twitter/dqn/train/ex1/2022-09-08-19-19-13/stats
2022-09-09 00:33:50,358 - INFO - experiment - Finished testing the learned policy on test data
2022-09-09 00:33:56,288 - INFO - main - Successfully read the given configuration file, created experiment directory and set up logger.
2022-09-09 00:33:56,288 - INFO - main - Starting experiment in mode train using configuration ./experiments/config/ohlc_time_twitter/dqn/ex2.yaml
2022-09-09 00:33:56,288 - INFO - experiment - Initializing training experiment...
2022-09-09 00:33:56,288 - INFO - experiment - Using the following features as learnable parameters: ['time', 'open', 'high', 'low', 'close', 'tick_volume', 'spread', 'real_volume', 'twitter_mention_count', 'twitter_mention_mean', 'twitter_mention_std', 'twitter_mention_min', 'twitter_mention_25%', 'twitter_mention_50%', 'twitter_mention_75%', 'twitter_mention_max', 'twitter_postitive_score_count', 'twitter_postitive_score_mean', 'twitter_postitive_score_std', 'twitter_postitive_score_min', 'twitter_postitive_score_25%', 'twitter_postitive_score_50%', 'twitter_postitive_score_75%', 'twitter_postitive_score_max', 'twitter_negative_score_count', 'twitter_negative_score_mean', 'twitter_negative_score_std', 'twitter_negative_score_min', 'twitter_negative_score_25%', 'twitter_negative_score_50%', 'twitter_negative_score_75%', 'twitter_negative_score_max', 'twitter_positive_mention_count', 'twitter_positive_mention_mean', 'twitter_positive_mention_std', 'twitter_positive_mention_min', 'twitter_positive_mention_25%', 'twitter_positive_mention_50%', 'twitter_positive_mention_75%', 'twitter_positive_mention_max', 'twitter_negative_mention_count', 'twitter_negative_mention_mean', 'twitter_negative_mention_std', 'twitter_negative_mention_min', 'twitter_negative_mention_25%', 'twitter_negative_mention_50%', 'twitter_negative_mention_75%', 'twitter_negative_mention_max', 'twitter_score_count', 'twitter_score_mean', 'twitter_score_std', 'twitter_score_min', 'twitter_score_25%', 'twitter_score_50%', 'twitter_score_75%', 'twitter_score_max']
2022-09-09 00:33:56,288 - INFO - experiment - Using time as learnable parameter: True
2022-09-09 00:33:58,682 - INFO - experiment - Using training data located in ./experiments/data/minmax/train.csv with length=77990 and shape=(77990, 56), and using testing data located in ./experiments/data/minmax/test.csv with length=19497 and shape=(19497, 56)
2022-09-09 00:33:58,683 - INFO - environment - Using action space: Discrete(2)
2022-09-09 00:33:58,683 - INFO - environment - Using observation space of shape: (30, 57)
2022-09-09 00:33:58,685 - INFO - environment - Using action space: Discrete(2)
2022-09-09 00:33:58,685 - INFO - environment - Using observation space of shape: (30, 57)
2022-09-09 00:33:58,686 - INFO - experiment - Using gym environment with window_size=30, scale_reward=1 and enable_render=False
2022-09-09 00:33:58,686 - INFO - agent - Initializing agent...
2022-09-09 00:33:58,734 - INFO - agent - Using device cuda
2022-09-09 00:33:58,734 - INFO - agent - Using policy MlpPolicy
2022-09-09 00:34:00,064 - INFO - agent - Using model DQN
2022-09-09 00:34:00,064 - INFO - agent - Successfully initialized agent
2022-09-09 00:34:00,064 - INFO - experiment - Successfully initialized training experiment
2022-09-09 00:34:00,064 - INFO - experiment - Starting training experiment...
2022-09-09 00:34:00,064 - INFO - experiment - Learning the agent...
/home/b/blenninger/arl22-rl-stock-trading/rltrading/gym/environment.py:106: RuntimeWarning: overflow encountered in double_scalars
  self._total_profit = quantity / curr_close
2022-09-09 05:48:18,625 - INFO - agent - Saved the model at ./experiments/results/ohlc_time_twitter/dqn/train/ex2/2022-09-09-00-33-56/model/episode-100
2022-09-09 05:48:18,626 - INFO - experiment - Finished learning the agent
2022-09-09 05:48:18,626 - INFO - experiment - Testing learned policy on test data...
2022-09-09 05:49:31,939 - INFO - agent - Saved the results at ./experiments/results/ohlc_time_twitter/dqn/train/ex2/2022-09-09-00-33-56/stats
2022-09-09 05:49:32,318 - INFO - experiment - Finished testing the learned policy on test data
2022-09-09 05:49:38,237 - INFO - main - Successfully read the given configuration file, created experiment directory and set up logger.
2022-09-09 05:49:38,238 - INFO - main - Starting experiment in mode train using configuration ./experiments/config/ohlc_time_twitter/dqn/ex3.yaml
2022-09-09 05:49:38,238 - INFO - experiment - Initializing training experiment...
2022-09-09 05:49:38,238 - INFO - experiment - Using the following features as learnable parameters: ['time', 'open', 'high', 'low', 'close', 'tick_volume', 'spread', 'real_volume', 'twitter_mention_count', 'twitter_mention_mean', 'twitter_mention_std', 'twitter_mention_min', 'twitter_mention_25%', 'twitter_mention_50%', 'twitter_mention_75%', 'twitter_mention_max', 'twitter_postitive_score_count', 'twitter_postitive_score_mean', 'twitter_postitive_score_std', 'twitter_postitive_score_min', 'twitter_postitive_score_25%', 'twitter_postitive_score_50%', 'twitter_postitive_score_75%', 'twitter_postitive_score_max', 'twitter_negative_score_count', 'twitter_negative_score_mean', 'twitter_negative_score_std', 'twitter_negative_score_min', 'twitter_negative_score_25%', 'twitter_negative_score_50%', 'twitter_negative_score_75%', 'twitter_negative_score_max', 'twitter_positive_mention_count', 'twitter_positive_mention_mean', 'twitter_positive_mention_std', 'twitter_positive_mention_min', 'twitter_positive_mention_25%', 'twitter_positive_mention_50%', 'twitter_positive_mention_75%', 'twitter_positive_mention_max', 'twitter_negative_mention_count', 'twitter_negative_mention_mean', 'twitter_negative_mention_std', 'twitter_negative_mention_min', 'twitter_negative_mention_25%', 'twitter_negative_mention_50%', 'twitter_negative_mention_75%', 'twitter_negative_mention_max', 'twitter_score_count', 'twitter_score_mean', 'twitter_score_std', 'twitter_score_min', 'twitter_score_25%', 'twitter_score_50%', 'twitter_score_75%', 'twitter_score_max']
2022-09-09 05:49:38,238 - INFO - experiment - Using time as learnable parameter: True
2022-09-09 05:49:40,627 - INFO - experiment - Using training data located in ./experiments/data/minmax/train.csv with length=77990 and shape=(77990, 56), and using testing data located in ./experiments/data/minmax/test.csv with length=19497 and shape=(19497, 56)
2022-09-09 05:49:40,627 - INFO - environment - Using action space: Discrete(2)
2022-09-09 05:49:40,627 - INFO - environment - Using observation space of shape: (30, 57)
2022-09-09 05:49:40,629 - INFO - environment - Using action space: Discrete(2)
2022-09-09 05:49:40,629 - INFO - environment - Using observation space of shape: (30, 57)
2022-09-09 05:49:40,631 - INFO - experiment - Using gym environment with window_size=30, scale_reward=1 and enable_render=False
2022-09-09 05:49:40,631 - INFO - agent - Initializing agent...
2022-09-09 05:49:40,679 - INFO - agent - Using device cuda
2022-09-09 05:49:40,679 - INFO - agent - Using policy MlpPolicy
2022-09-09 05:49:41,993 - INFO - agent - Using model DQN
2022-09-09 05:49:41,993 - INFO - agent - Successfully initialized agent
2022-09-09 05:49:41,993 - INFO - experiment - Successfully initialized training experiment
2022-09-09 05:49:41,994 - INFO - experiment - Starting training experiment...
2022-09-09 05:49:41,994 - INFO - experiment - Learning the agent...
/home/b/blenninger/arl22-rl-stock-trading/rltrading/gym/environment.py:106: RuntimeWarning: overflow encountered in double_scalars
  self._total_profit = quantity / curr_close
2022-09-09 11:00:44,233 - INFO - agent - Saved the model at ./experiments/results/ohlc_time_twitter/dqn/train/ex3/2022-09-09-05-49-37/model/episode-100
2022-09-09 11:00:44,234 - INFO - experiment - Finished learning the agent
2022-09-09 11:00:44,234 - INFO - experiment - Testing learned policy on test data...
2022-09-09 11:01:56,813 - INFO - agent - Saved the results at ./experiments/results/ohlc_time_twitter/dqn/train/ex3/2022-09-09-05-49-37/stats
2022-09-09 11:01:57,189 - INFO - experiment - Finished testing the learned policy on test data
