slurmstepd-gaissa: error: Unable to create TMPDIR [/tmp/user/31423]: Permission denied
slurmstepd-gaissa: error: Setting TMPDIR to /tmp

CommandNotFoundError: Your shell has not been properly configured to use 'conda activate'.
To initialize your shell, run

    $ conda init <SHELL_NAME>

Currently supported shells are:
  - bash
  - fish
  - tcsh
  - xonsh
  - zsh
  - powershell

See 'conda init --help' for more information and options.

IMPORTANT: You may need to close and restart your shell after running 'conda init'.


2022-09-08 19:20:17,710 - INFO - main - Successfully read the given configuration file, created experiment directory and set up logger.
2022-09-08 19:20:17,711 - INFO - main - Starting experiment in mode train using configuration ./experiments/config/ohlc_time_tick_reddit/dqn/ex1.yaml
2022-09-08 19:20:17,711 - INFO - experiment - Initializing training experiment...
2022-09-08 19:20:17,711 - INFO - experiment - Using the following features as learnable parameters: ['time', 'open', 'high', 'low', 'close', 'tick_volume', 'spread', 'real_volume', 'bid_count', 'bid_mean', 'bid_std', 'bid_min', 'bid_25%', 'bid_50%', 'bid_75%', 'bid_max', 'ask_count', 'ask_mean', 'ask_std', 'ask_min', 'ask_25%', 'ask_50%', 'ask_75%', 'ask_max', 'last_count', 'last_mean', 'last_std', 'last_min', 'last_25%', 'last_50%', 'last_75%', 'last_max', 'volume_count', 'volume_mean', 'volume_std', 'volume_min', 'volume_25%', 'volume_50%', 'volume_75%', 'volume_max', 'time_msc_count', 'time_msc_mean', 'time_msc_std', 'time_msc_min', 'time_msc_25%', 'time_msc_50%', 'time_msc_75%', 'time_msc_max', 'flags_count', 'flags_mean', 'flags_std', 'flags_min', 'flags_25%', 'flags_50%', 'flags_75%', 'flags_max', 'volume_real_count', 'volume_real_mean', 'volume_real_std', 'volume_real_min', 'volume_real_25%', 'volume_real_50%', 'volume_real_75%', 'volume_real_max', 'reddit_mention_count', 'reddit_mention_mean', 'reddit_mention_std', 'reddit_mention_min', 'reddit_mention_25%', 'reddit_mention_50%', 'reddit_mention_75%', 'reddit_mention_max', 'reddit_postitive_score_count', 'reddit_postitive_score_mean', 'reddit_postitive_score_std', 'reddit_postitive_score_min', 'reddit_postitive_score_25%', 'reddit_postitive_score_50%', 'reddit_postitive_score_75%', 'reddit_postitive_score_max', 'reddit_negative_score_count', 'reddit_negative_score_mean', 'reddit_negative_score_std', 'reddit_negative_score_min', 'reddit_negative_score_25%', 'reddit_negative_score_50%', 'reddit_negative_score_75%', 'reddit_negative_score_max', 'reddit_positive_mention_count', 'reddit_positive_mention_mean', 'reddit_positive_mention_std', 'reddit_positive_mention_min', 'reddit_positive_mention_25%', 'reddit_positive_mention_50%', 'reddit_positive_mention_75%', 'reddit_positive_mention_max', 'reddit_negative_mention_count', 'reddit_negative_mention_mean', 'reddit_negative_mention_std', 'reddit_negative_mention_min', 'reddit_negative_mention_25%', 'reddit_negative_mention_50%', 'reddit_negative_mention_75%', 'reddit_negative_mention_max', 'reddit_score_count', 'reddit_score_mean', 'reddit_score_std', 'reddit_score_min', 'reddit_score_25%', 'reddit_score_50%', 'reddit_score_75%', 'reddit_score_max']
2022-09-08 19:20:17,711 - INFO - experiment - Using time as learnable parameter: True
2022-09-08 19:20:22,168 - INFO - experiment - Using training data located in ./experiments/data/minmax/train.csv with length=77990 and shape=(77990, 112), and using testing data located in ./experiments/data/minmax/test.csv with length=19497 and shape=(19497, 112)
2022-09-08 19:20:22,169 - INFO - environment - Using action space: Discrete(2)
2022-09-08 19:20:22,169 - INFO - environment - Using observation space of shape: (30, 113)
2022-09-08 19:20:22,171 - INFO - environment - Using action space: Discrete(2)
2022-09-08 19:20:22,171 - INFO - environment - Using observation space of shape: (30, 113)
2022-09-08 19:20:22,173 - INFO - experiment - Using gym environment with window_size=30, scale_reward=1 and enable_render=False
2022-09-08 19:20:22,173 - INFO - agent - Initializing agent...
2022-09-08 19:20:22,221 - INFO - agent - Using device cuda
2022-09-08 19:20:22,221 - INFO - agent - Using policy MlpPolicy
2022-09-08 19:20:26,546 - INFO - agent - Using model DQN
2022-09-08 19:20:26,546 - INFO - agent - Successfully initialized agent
2022-09-08 19:20:26,547 - INFO - experiment - Successfully initialized training experiment
2022-09-08 19:20:26,547 - INFO - experiment - Starting training experiment...
2022-09-08 19:20:26,547 - INFO - experiment - Learning the agent...
/home/b/blenninger/arl22-rl-stock-trading/rltrading/gym/environment.py:106: RuntimeWarning: overflow encountered in double_scalars
  self._total_profit = quantity / curr_close
2022-09-09 02:17:30,133 - INFO - agent - Saved the model at ./experiments/results/ohlc_time_tick_reddit/dqn/train/ex1/2022-09-08-19-20-17/model/episode-100
2022-09-09 02:17:30,134 - INFO - experiment - Finished learning the agent
2022-09-09 02:17:30,134 - INFO - experiment - Testing learned policy on test data...
2022-09-09 02:19:12,280 - INFO - agent - Saved the results at ./experiments/results/ohlc_time_tick_reddit/dqn/train/ex1/2022-09-08-19-20-17/stats
2022-09-09 02:19:13,024 - INFO - experiment - Finished testing the learned policy on test data
2022-09-09 02:19:24,011 - INFO - main - Successfully read the given configuration file, created experiment directory and set up logger.
2022-09-09 02:19:24,011 - INFO - main - Starting experiment in mode train using configuration ./experiments/config/ohlc_time_tick_reddit/dqn/ex2.yaml
2022-09-09 02:19:24,011 - INFO - experiment - Initializing training experiment...
2022-09-09 02:19:24,011 - INFO - experiment - Using the following features as learnable parameters: ['time', 'open', 'high', 'low', 'close', 'tick_volume', 'spread', 'real_volume', 'bid_count', 'bid_mean', 'bid_std', 'bid_min', 'bid_25%', 'bid_50%', 'bid_75%', 'bid_max', 'ask_count', 'ask_mean', 'ask_std', 'ask_min', 'ask_25%', 'ask_50%', 'ask_75%', 'ask_max', 'last_count', 'last_mean', 'last_std', 'last_min', 'last_25%', 'last_50%', 'last_75%', 'last_max', 'volume_count', 'volume_mean', 'volume_std', 'volume_min', 'volume_25%', 'volume_50%', 'volume_75%', 'volume_max', 'time_msc_count', 'time_msc_mean', 'time_msc_std', 'time_msc_min', 'time_msc_25%', 'time_msc_50%', 'time_msc_75%', 'time_msc_max', 'flags_count', 'flags_mean', 'flags_std', 'flags_min', 'flags_25%', 'flags_50%', 'flags_75%', 'flags_max', 'volume_real_count', 'volume_real_mean', 'volume_real_std', 'volume_real_min', 'volume_real_25%', 'volume_real_50%', 'volume_real_75%', 'volume_real_max', 'reddit_mention_count', 'reddit_mention_mean', 'reddit_mention_std', 'reddit_mention_min', 'reddit_mention_25%', 'reddit_mention_50%', 'reddit_mention_75%', 'reddit_mention_max', 'reddit_postitive_score_count', 'reddit_postitive_score_mean', 'reddit_postitive_score_std', 'reddit_postitive_score_min', 'reddit_postitive_score_25%', 'reddit_postitive_score_50%', 'reddit_postitive_score_75%', 'reddit_postitive_score_max', 'reddit_negative_score_count', 'reddit_negative_score_mean', 'reddit_negative_score_std', 'reddit_negative_score_min', 'reddit_negative_score_25%', 'reddit_negative_score_50%', 'reddit_negative_score_75%', 'reddit_negative_score_max', 'reddit_positive_mention_count', 'reddit_positive_mention_mean', 'reddit_positive_mention_std', 'reddit_positive_mention_min', 'reddit_positive_mention_25%', 'reddit_positive_mention_50%', 'reddit_positive_mention_75%', 'reddit_positive_mention_max', 'reddit_negative_mention_count', 'reddit_negative_mention_mean', 'reddit_negative_mention_std', 'reddit_negative_mention_min', 'reddit_negative_mention_25%', 'reddit_negative_mention_50%', 'reddit_negative_mention_75%', 'reddit_negative_mention_max', 'reddit_score_count', 'reddit_score_mean', 'reddit_score_std', 'reddit_score_min', 'reddit_score_25%', 'reddit_score_50%', 'reddit_score_75%', 'reddit_score_max']
2022-09-09 02:19:24,011 - INFO - experiment - Using time as learnable parameter: True
2022-09-09 02:19:28,436 - INFO - experiment - Using training data located in ./experiments/data/minmax/train.csv with length=77990 and shape=(77990, 112), and using testing data located in ./experiments/data/minmax/test.csv with length=19497 and shape=(19497, 112)
2022-09-09 02:19:28,437 - INFO - environment - Using action space: Discrete(2)
2022-09-09 02:19:28,437 - INFO - environment - Using observation space of shape: (30, 113)
2022-09-09 02:19:28,439 - INFO - environment - Using action space: Discrete(2)
2022-09-09 02:19:28,439 - INFO - environment - Using observation space of shape: (30, 113)
2022-09-09 02:19:28,441 - INFO - experiment - Using gym environment with window_size=30, scale_reward=1 and enable_render=False
2022-09-09 02:19:28,441 - INFO - agent - Initializing agent...
2022-09-09 02:19:28,609 - INFO - agent - Using device cuda
2022-09-09 02:19:28,609 - INFO - agent - Using policy MlpPolicy
2022-09-09 02:19:32,952 - INFO - agent - Using model DQN
2022-09-09 02:19:32,952 - INFO - agent - Successfully initialized agent
2022-09-09 02:19:32,952 - INFO - experiment - Successfully initialized training experiment
2022-09-09 02:19:32,952 - INFO - experiment - Starting training experiment...
2022-09-09 02:19:32,952 - INFO - experiment - Learning the agent...
/home/b/blenninger/arl22-rl-stock-trading/rltrading/gym/environment.py:106: RuntimeWarning: overflow encountered in double_scalars
  self._total_profit = quantity / curr_close
2022-09-09 09:17:28,868 - INFO - agent - Saved the model at ./experiments/results/ohlc_time_tick_reddit/dqn/train/ex2/2022-09-09-02-19-24/model/episode-100
2022-09-09 09:17:28,868 - INFO - experiment - Finished learning the agent
2022-09-09 09:17:28,868 - INFO - experiment - Testing learned policy on test data...
2022-09-09 09:19:05,608 - INFO - agent - Saved the results at ./experiments/results/ohlc_time_tick_reddit/dqn/train/ex2/2022-09-09-02-19-24/stats
2022-09-09 09:19:06,353 - INFO - experiment - Finished testing the learned policy on test data
2022-09-09 09:19:17,080 - INFO - main - Successfully read the given configuration file, created experiment directory and set up logger.
2022-09-09 09:19:17,081 - INFO - main - Starting experiment in mode train using configuration ./experiments/config/ohlc_time_tick_reddit/dqn/ex3.yaml
2022-09-09 09:19:17,081 - INFO - experiment - Initializing training experiment...
2022-09-09 09:19:17,081 - INFO - experiment - Using the following features as learnable parameters: ['time', 'open', 'high', 'low', 'close', 'tick_volume', 'spread', 'real_volume', 'bid_count', 'bid_mean', 'bid_std', 'bid_min', 'bid_25%', 'bid_50%', 'bid_75%', 'bid_max', 'ask_count', 'ask_mean', 'ask_std', 'ask_min', 'ask_25%', 'ask_50%', 'ask_75%', 'ask_max', 'last_count', 'last_mean', 'last_std', 'last_min', 'last_25%', 'last_50%', 'last_75%', 'last_max', 'volume_count', 'volume_mean', 'volume_std', 'volume_min', 'volume_25%', 'volume_50%', 'volume_75%', 'volume_max', 'time_msc_count', 'time_msc_mean', 'time_msc_std', 'time_msc_min', 'time_msc_25%', 'time_msc_50%', 'time_msc_75%', 'time_msc_max', 'flags_count', 'flags_mean', 'flags_std', 'flags_min', 'flags_25%', 'flags_50%', 'flags_75%', 'flags_max', 'volume_real_count', 'volume_real_mean', 'volume_real_std', 'volume_real_min', 'volume_real_25%', 'volume_real_50%', 'volume_real_75%', 'volume_real_max', 'reddit_mention_count', 'reddit_mention_mean', 'reddit_mention_std', 'reddit_mention_min', 'reddit_mention_25%', 'reddit_mention_50%', 'reddit_mention_75%', 'reddit_mention_max', 'reddit_postitive_score_count', 'reddit_postitive_score_mean', 'reddit_postitive_score_std', 'reddit_postitive_score_min', 'reddit_postitive_score_25%', 'reddit_postitive_score_50%', 'reddit_postitive_score_75%', 'reddit_postitive_score_max', 'reddit_negative_score_count', 'reddit_negative_score_mean', 'reddit_negative_score_std', 'reddit_negative_score_min', 'reddit_negative_score_25%', 'reddit_negative_score_50%', 'reddit_negative_score_75%', 'reddit_negative_score_max', 'reddit_positive_mention_count', 'reddit_positive_mention_mean', 'reddit_positive_mention_std', 'reddit_positive_mention_min', 'reddit_positive_mention_25%', 'reddit_positive_mention_50%', 'reddit_positive_mention_75%', 'reddit_positive_mention_max', 'reddit_negative_mention_count', 'reddit_negative_mention_mean', 'reddit_negative_mention_std', 'reddit_negative_mention_min', 'reddit_negative_mention_25%', 'reddit_negative_mention_50%', 'reddit_negative_mention_75%', 'reddit_negative_mention_max', 'reddit_score_count', 'reddit_score_mean', 'reddit_score_std', 'reddit_score_min', 'reddit_score_25%', 'reddit_score_50%', 'reddit_score_75%', 'reddit_score_max']
2022-09-09 09:19:17,081 - INFO - experiment - Using time as learnable parameter: True
2022-09-09 09:19:21,463 - INFO - experiment - Using training data located in ./experiments/data/minmax/train.csv with length=77990 and shape=(77990, 112), and using testing data located in ./experiments/data/minmax/test.csv with length=19497 and shape=(19497, 112)
2022-09-09 09:19:21,464 - INFO - environment - Using action space: Discrete(2)
2022-09-09 09:19:21,464 - INFO - environment - Using observation space of shape: (30, 113)
2022-09-09 09:19:21,466 - INFO - environment - Using action space: Discrete(2)
2022-09-09 09:19:21,466 - INFO - environment - Using observation space of shape: (30, 113)
2022-09-09 09:19:21,468 - INFO - experiment - Using gym environment with window_size=30, scale_reward=1 and enable_render=False
2022-09-09 09:19:21,468 - INFO - agent - Initializing agent...
2022-09-09 09:19:21,637 - INFO - agent - Using device cuda
2022-09-09 09:19:21,637 - INFO - agent - Using policy MlpPolicy
2022-09-09 09:19:25,968 - INFO - agent - Using model DQN
2022-09-09 09:19:25,968 - INFO - agent - Successfully initialized agent
2022-09-09 09:19:25,968 - INFO - experiment - Successfully initialized training experiment
2022-09-09 09:19:25,968 - INFO - experiment - Starting training experiment...
2022-09-09 09:19:25,968 - INFO - experiment - Learning the agent...
/home/b/blenninger/arl22-rl-stock-trading/rltrading/gym/environment.py:106: RuntimeWarning: overflow encountered in double_scalars
  self._total_profit = quantity / curr_close
